2021-03-28 22:31:18,044 - INFO - Start running, host: islab@islab6000, work_dir: /home/islab/Desktop/20.09-21.02_pet_ai_data/guide/pet_recogn/model/trained_model/cat
2021-03-28 22:31:18,044 - INFO - workflow: [('train', 1), ('val', 1)], max: 5 epochs
2021-03-28 22:31:20,305 - INFO - Epoch [1][100/3053]	lr: 0.01000, eta: 0:05:42, time: 0.023, data_time: 0.015, memory: 1146, loss: 2.6111
2021-03-28 22:31:22,519 - INFO - Epoch [1][200/3053]	lr: 0.01000, eta: 0:05:36, time: 0.022, data_time: 0.015, memory: 1146, loss: 2.6277
2021-03-28 22:31:24,474 - INFO - Epoch [1][300/3053]	lr: 0.01000, eta: 0:05:20, time: 0.020, data_time: 0.012, memory: 1146, loss: 2.5942
2021-03-28 22:31:26,538 - INFO - Epoch [1][400/3053]	lr: 0.01000, eta: 0:05:15, time: 0.021, data_time: 0.013, memory: 1146, loss: 2.6175
2021-03-28 22:31:28,612 - INFO - Epoch [1][500/3053]	lr: 0.01000, eta: 0:05:12, time: 0.021, data_time: 0.013, memory: 1146, loss: 2.5816
2021-03-28 22:31:30,608 - INFO - Epoch [1][600/3053]	lr: 0.01000, eta: 0:05:07, time: 0.020, data_time: 0.012, memory: 1146, loss: 2.6102
2021-03-28 22:31:32,736 - INFO - Epoch [1][700/3053]	lr: 0.01000, eta: 0:05:05, time: 0.021, data_time: 0.014, memory: 1146, loss: 2.6062
2021-03-28 22:31:34,885 - INFO - Epoch [1][800/3053]	lr: 0.01000, eta: 0:05:04, time: 0.021, data_time: 0.014, memory: 1146, loss: 2.6328
2021-03-28 22:31:36,865 - INFO - Epoch [1][900/3053]	lr: 0.01000, eta: 0:05:00, time: 0.020, data_time: 0.012, memory: 1146, loss: 2.6204
2021-03-28 22:31:39,033 - INFO - Epoch [1][1000/3053]	lr: 0.01000, eta: 0:04:59, time: 0.022, data_time: 0.014, memory: 1146, loss: 2.6268
2021-03-28 22:31:41,087 - INFO - Epoch [1][1100/3053]	lr: 0.01000, eta: 0:04:56, time: 0.021, data_time: 0.013, memory: 1146, loss: 2.6233
2021-03-28 22:31:43,031 - INFO - Epoch [1][1200/3053]	lr: 0.01000, eta: 0:04:52, time: 0.019, data_time: 0.012, memory: 1146, loss: 2.6365
2021-03-28 22:31:45,312 - INFO - Epoch [1][1300/3053]	lr: 0.01000, eta: 0:04:52, time: 0.023, data_time: 0.015, memory: 1146, loss: 2.6395
2021-03-28 22:31:47,506 - INFO - Epoch [1][1400/3053]	lr: 0.01000, eta: 0:04:51, time: 0.022, data_time: 0.014, memory: 1146, loss: 2.5911
2021-03-28 22:31:49,510 - INFO - Epoch [1][1500/3053]	lr: 0.01000, eta: 0:04:48, time: 0.020, data_time: 0.012, memory: 1146, loss: 2.5943
2021-03-28 22:31:51,403 - INFO - Epoch [1][1600/3053]	lr: 0.01000, eta: 0:04:44, time: 0.019, data_time: 0.011, memory: 1146, loss: 2.6272
2021-03-28 22:31:53,569 - INFO - Epoch [1][1700/3053]	lr: 0.01000, eta: 0:04:43, time: 0.022, data_time: 0.014, memory: 1146, loss: 2.6020
2021-03-28 22:31:55,489 - INFO - Epoch [1][1800/3053]	lr: 0.01000, eta: 0:04:40, time: 0.019, data_time: 0.011, memory: 1146, loss: 2.6258
2021-03-28 22:31:57,710 - INFO - Epoch [1][1900/3053]	lr: 0.01000, eta: 0:04:38, time: 0.022, data_time: 0.014, memory: 1146, loss: 2.6245
2021-03-28 22:31:59,895 - INFO - Epoch [1][2000/3053]	lr: 0.01000, eta: 0:04:37, time: 0.022, data_time: 0.014, memory: 1146, loss: 2.6177
2021-03-28 22:32:02,054 - INFO - Epoch [1][2100/3053]	lr: 0.01000, eta: 0:04:35, time: 0.022, data_time: 0.014, memory: 1146, loss: 2.6263
2021-03-28 22:32:04,272 - INFO - Epoch [1][2200/3053]	lr: 0.01000, eta: 0:04:34, time: 0.022, data_time: 0.014, memory: 1146, loss: 2.6477
2021-03-28 22:32:06,475 - INFO - Epoch [1][2300/3053]	lr: 0.01000, eta: 0:04:32, time: 0.022, data_time: 0.014, memory: 1146, loss: 2.6000
2021-03-28 22:32:08,541 - INFO - Epoch [1][2400/3053]	lr: 0.01000, eta: 0:04:30, time: 0.021, data_time: 0.013, memory: 1146, loss: 2.6260
2021-03-28 22:32:10,632 - INFO - Epoch [1][2500/3053]	lr: 0.01000, eta: 0:04:28, time: 0.021, data_time: 0.013, memory: 1146, loss: 2.6119
2021-03-28 22:32:12,726 - INFO - Epoch [1][2600/3053]	lr: 0.01000, eta: 0:04:26, time: 0.021, data_time: 0.013, memory: 1146, loss: 2.6150
2021-03-28 22:32:14,737 - INFO - Epoch [1][2700/3053]	lr: 0.01000, eta: 0:04:23, time: 0.020, data_time: 0.012, memory: 1146, loss: 2.6125
2021-03-28 22:32:16,831 - INFO - Epoch [1][2800/3053]	lr: 0.01000, eta: 0:04:21, time: 0.021, data_time: 0.013, memory: 1146, loss: 2.6183
2021-03-28 22:32:18,667 - INFO - Epoch [1][2900/3053]	lr: 0.01000, eta: 0:04:18, time: 0.018, data_time: 0.011, memory: 1146, loss: 2.6130
2021-03-28 22:32:20,745 - INFO - Epoch [1][3000/3053]	lr: 0.01000, eta: 0:04:16, time: 0.021, data_time: 0.013, memory: 1146, loss: 2.6575
2021-03-28 22:32:25,705 - INFO - Epoch(train) [1][152]	loss: 2.6157, top1: 0.0395, top5: 0.3684
2021-03-28 22:32:27,822 - INFO - Epoch [2][100/3053]	lr: 0.00100, eta: 0:04:08, time: 0.021, data_time: 0.014, memory: 1146, loss: 2.6354
2021-03-28 22:32:29,921 - INFO - Epoch [2][200/3053]	lr: 0.00100, eta: 0:04:07, time: 0.021, data_time: 0.013, memory: 1146, loss: 2.6107
2021-03-28 22:32:32,043 - INFO - Epoch [2][300/3053]	lr: 0.00100, eta: 0:04:05, time: 0.021, data_time: 0.013, memory: 1146, loss: 2.6335
2021-03-28 22:32:33,981 - INFO - Epoch [2][400/3053]	lr: 0.00100, eta: 0:04:02, time: 0.019, data_time: 0.012, memory: 1146, loss: 2.6395
2021-03-28 22:32:36,065 - INFO - Epoch [2][500/3053]	lr: 0.00100, eta: 0:04:00, time: 0.021, data_time: 0.013, memory: 1146, loss: 2.6810
2021-03-28 22:32:38,093 - INFO - Epoch [2][600/3053]	lr: 0.00100, eta: 0:03:58, time: 0.020, data_time: 0.012, memory: 1146, loss: 2.6245
2021-03-28 22:32:40,229 - INFO - Epoch [2][700/3053]	lr: 0.00100, eta: 0:03:56, time: 0.021, data_time: 0.014, memory: 1146, loss: 2.5873
2021-03-28 22:32:42,519 - INFO - Epoch [2][800/3053]	lr: 0.00100, eta: 0:03:55, time: 0.023, data_time: 0.015, memory: 1146, loss: 2.6206
2021-03-28 22:32:44,875 - INFO - Epoch [2][900/3053]	lr: 0.00100, eta: 0:03:54, time: 0.024, data_time: 0.016, memory: 1146, loss: 2.5949
2021-03-28 22:32:46,833 - INFO - Epoch [2][1000/3053]	lr: 0.00100, eta: 0:03:51, time: 0.020, data_time: 0.012, memory: 1146, loss: 2.5978
2021-03-28 22:32:49,023 - INFO - Epoch [2][1100/3053]	lr: 0.00100, eta: 0:03:50, time: 0.022, data_time: 0.014, memory: 1146, loss: 2.6160
2021-03-28 22:32:51,109 - INFO - Epoch [2][1200/3053]	lr: 0.00100, eta: 0:03:48, time: 0.021, data_time: 0.013, memory: 1146, loss: 2.6124
2021-03-28 22:32:53,208 - INFO - Epoch [2][1300/3053]	lr: 0.00100, eta: 0:03:46, time: 0.021, data_time: 0.013, memory: 1146, loss: 2.6394
2021-03-28 22:32:55,538 - INFO - Epoch [2][1400/3053]	lr: 0.00100, eta: 0:03:44, time: 0.023, data_time: 0.016, memory: 1146, loss: 2.5896
2021-03-28 22:32:57,729 - INFO - Epoch [2][1500/3053]	lr: 0.00100, eta: 0:03:42, time: 0.022, data_time: 0.014, memory: 1146, loss: 2.5818
2021-03-28 22:32:59,968 - INFO - Epoch [2][1600/3053]	lr: 0.00100, eta: 0:03:41, time: 0.022, data_time: 0.015, memory: 1146, loss: 2.6162
2021-03-28 22:33:01,748 - INFO - Epoch [2][1700/3053]	lr: 0.00100, eta: 0:03:38, time: 0.018, data_time: 0.011, memory: 1146, loss: 2.6335
2021-03-28 22:33:04,086 - INFO - Epoch [2][1800/3053]	lr: 0.00100, eta: 0:03:36, time: 0.023, data_time: 0.016, memory: 1146, loss: 2.6150
2021-03-28 22:33:06,358 - INFO - Epoch [2][1900/3053]	lr: 0.00100, eta: 0:03:35, time: 0.023, data_time: 0.015, memory: 1146, loss: 2.6177
2021-03-28 22:33:08,393 - INFO - Epoch [2][2000/3053]	lr: 0.00100, eta: 0:03:32, time: 0.020, data_time: 0.013, memory: 1146, loss: 2.6052
2021-03-28 22:33:10,436 - INFO - Epoch [2][2100/3053]	lr: 0.00100, eta: 0:03:30, time: 0.020, data_time: 0.013, memory: 1146, loss: 2.6078
2021-03-28 22:33:12,390 - INFO - Epoch [2][2200/3053]	lr: 0.00100, eta: 0:03:28, time: 0.020, data_time: 0.012, memory: 1146, loss: 2.6074
2021-03-28 22:33:14,382 - INFO - Epoch [2][2300/3053]	lr: 0.00100, eta: 0:03:26, time: 0.020, data_time: 0.013, memory: 1146, loss: 2.6202
2021-03-28 22:33:16,405 - INFO - Epoch [2][2400/3053]	lr: 0.00100, eta: 0:03:24, time: 0.020, data_time: 0.013, memory: 1146, loss: 2.6200
2021-03-28 22:33:18,531 - INFO - Epoch [2][2500/3053]	lr: 0.00100, eta: 0:03:22, time: 0.021, data_time: 0.013, memory: 1146, loss: 2.6365
2021-03-28 22:33:20,484 - INFO - Epoch [2][2600/3053]	lr: 0.00100, eta: 0:03:19, time: 0.020, data_time: 0.012, memory: 1146, loss: 2.6218
2021-03-28 22:33:22,457 - INFO - Epoch [2][2700/3053]	lr: 0.00100, eta: 0:03:17, time: 0.020, data_time: 0.012, memory: 1146, loss: 2.6569
2021-03-28 22:33:24,523 - INFO - Epoch [2][2800/3053]	lr: 0.00100, eta: 0:03:15, time: 0.021, data_time: 0.013, memory: 1146, loss: 2.6028
2021-03-28 22:33:26,624 - INFO - Epoch [2][2900/3053]	lr: 0.00100, eta: 0:03:13, time: 0.021, data_time: 0.013, memory: 1146, loss: 2.5901
2021-03-28 22:33:28,804 - INFO - Epoch [2][3000/3053]	lr: 0.00100, eta: 0:03:11, time: 0.022, data_time: 0.014, memory: 1146, loss: 2.5910
2021-03-28 22:33:33,871 - INFO - Epoch(train) [2][152]	loss: 2.6109, top1: 0.0526, top5: 0.3531
2021-03-28 22:33:36,305 - INFO - Epoch [3][100/3053]	lr: 0.00010, eta: 0:03:07, time: 0.024, data_time: 0.017, memory: 1146, loss: 2.6264
2021-03-28 22:33:38,481 - INFO - Epoch [3][200/3053]	lr: 0.00010, eta: 0:03:05, time: 0.022, data_time: 0.014, memory: 1146, loss: 2.5911
2021-03-28 22:33:40,556 - INFO - Epoch [3][300/3053]	lr: 0.00010, eta: 0:03:03, time: 0.021, data_time: 0.013, memory: 1146, loss: 2.5684
2021-03-28 22:33:42,503 - INFO - Epoch [3][400/3053]	lr: 0.00010, eta: 0:03:00, time: 0.019, data_time: 0.012, memory: 1146, loss: 2.6133
2021-03-28 22:33:44,414 - INFO - Epoch [3][500/3053]	lr: 0.00010, eta: 0:02:58, time: 0.019, data_time: 0.012, memory: 1146, loss: 2.6426
2021-03-28 22:33:46,526 - INFO - Epoch [3][600/3053]	lr: 0.00010, eta: 0:02:56, time: 0.021, data_time: 0.013, memory: 1146, loss: 2.6306
2021-03-28 22:33:48,440 - INFO - Epoch [3][700/3053]	lr: 0.00010, eta: 0:02:54, time: 0.019, data_time: 0.011, memory: 1146, loss: 2.6186
2021-03-28 22:33:50,469 - INFO - Epoch [3][800/3053]	lr: 0.00010, eta: 0:02:52, time: 0.020, data_time: 0.013, memory: 1146, loss: 2.6033
2021-03-28 22:33:52,422 - INFO - Epoch [3][900/3053]	lr: 0.00010, eta: 0:02:50, time: 0.020, data_time: 0.012, memory: 1146, loss: 2.6429
2021-03-28 22:33:54,330 - INFO - Epoch [3][1000/3053]	lr: 0.00010, eta: 0:02:47, time: 0.019, data_time: 0.012, memory: 1146, loss: 2.6123
2021-03-28 22:33:56,438 - INFO - Epoch [3][1100/3053]	lr: 0.00010, eta: 0:02:45, time: 0.021, data_time: 0.013, memory: 1146, loss: 2.5665
2021-03-28 22:33:58,670 - INFO - Epoch [3][1200/3053]	lr: 0.00010, eta: 0:02:44, time: 0.022, data_time: 0.014, memory: 1146, loss: 2.6531
2021-03-28 22:34:00,846 - INFO - Epoch [3][1300/3053]	lr: 0.00010, eta: 0:02:42, time: 0.022, data_time: 0.014, memory: 1146, loss: 2.6076
2021-03-28 22:34:02,803 - INFO - Epoch [3][1400/3053]	lr: 0.00010, eta: 0:02:39, time: 0.020, data_time: 0.012, memory: 1146, loss: 2.6299
2021-03-28 22:34:04,912 - INFO - Epoch [3][1500/3053]	lr: 0.00010, eta: 0:02:37, time: 0.021, data_time: 0.013, memory: 1146, loss: 2.6197
2021-03-28 22:34:06,899 - INFO - Epoch [3][1600/3053]	lr: 0.00010, eta: 0:02:35, time: 0.020, data_time: 0.012, memory: 1146, loss: 2.6210
2021-03-28 22:34:09,129 - INFO - Epoch [3][1700/3053]	lr: 0.00010, eta: 0:02:33, time: 0.022, data_time: 0.014, memory: 1146, loss: 2.6191
2021-03-28 22:34:11,209 - INFO - Epoch [3][1800/3053]	lr: 0.00010, eta: 0:02:31, time: 0.021, data_time: 0.013, memory: 1146, loss: 2.5812
2021-03-28 22:34:13,379 - INFO - Epoch [3][1900/3053]	lr: 0.00010, eta: 0:02:29, time: 0.022, data_time: 0.014, memory: 1146, loss: 2.5931
2021-03-28 22:34:15,628 - INFO - Epoch [3][2000/3053]	lr: 0.00010, eta: 0:02:27, time: 0.022, data_time: 0.015, memory: 1146, loss: 2.6109
2021-03-28 22:34:17,756 - INFO - Epoch [3][2100/3053]	lr: 0.00010, eta: 0:02:25, time: 0.021, data_time: 0.013, memory: 1146, loss: 2.5840
2021-03-28 22:34:19,840 - INFO - Epoch [3][2200/3053]	lr: 0.00010, eta: 0:02:23, time: 0.021, data_time: 0.013, memory: 1146, loss: 2.6364
2021-03-28 22:34:22,132 - INFO - Epoch [3][2300/3053]	lr: 0.00010, eta: 0:02:22, time: 0.023, data_time: 0.015, memory: 1146, loss: 2.6230
2021-03-28 22:34:24,205 - INFO - Epoch [3][2400/3053]	lr: 0.00010, eta: 0:02:19, time: 0.021, data_time: 0.013, memory: 1146, loss: 2.6036
2021-03-28 22:34:26,268 - INFO - Epoch [3][2500/3053]	lr: 0.00010, eta: 0:02:17, time: 0.021, data_time: 0.013, memory: 1146, loss: 2.6140
2021-03-28 22:34:28,555 - INFO - Epoch [3][2600/3053]	lr: 0.00010, eta: 0:02:15, time: 0.023, data_time: 0.015, memory: 1146, loss: 2.6143
2021-03-28 22:34:30,552 - INFO - Epoch [3][2700/3053]	lr: 0.00010, eta: 0:02:13, time: 0.020, data_time: 0.012, memory: 1146, loss: 2.6559
2021-03-28 22:34:32,537 - INFO - Epoch [3][2800/3053]	lr: 0.00010, eta: 0:02:11, time: 0.020, data_time: 0.012, memory: 1146, loss: 2.6397
2021-03-28 22:34:34,587 - INFO - Epoch [3][2900/3053]	lr: 0.00010, eta: 0:02:09, time: 0.021, data_time: 0.013, memory: 1146, loss: 2.6323
2021-03-28 22:34:36,515 - INFO - Epoch [3][3000/3053]	lr: 0.00010, eta: 0:02:07, time: 0.019, data_time: 0.012, memory: 1146, loss: 2.6422
2021-03-28 22:34:41,722 - INFO - Epoch(train) [3][152]	loss: 2.6289, top1: 0.0439, top5: 0.3399
2021-03-28 22:34:43,945 - INFO - Epoch [4][100/3053]	lr: 0.00001, eta: 0:02:03, time: 0.022, data_time: 0.015, memory: 1146, loss: 2.6168
2021-03-28 22:34:45,856 - INFO - Epoch [4][200/3053]	lr: 0.00001, eta: 0:02:01, time: 0.019, data_time: 0.012, memory: 1146, loss: 2.6048
2021-03-28 22:34:47,970 - INFO - Epoch [4][300/3053]	lr: 0.00001, eta: 0:01:59, time: 0.021, data_time: 0.014, memory: 1146, loss: 2.6302
2021-03-28 22:34:49,822 - INFO - Epoch [4][400/3053]	lr: 0.00001, eta: 0:01:57, time: 0.019, data_time: 0.011, memory: 1146, loss: 2.6455
2021-03-28 22:34:51,866 - INFO - Epoch [4][500/3053]	lr: 0.00001, eta: 0:01:55, time: 0.020, data_time: 0.013, memory: 1146, loss: 2.6203
2021-03-28 22:34:53,895 - INFO - Epoch [4][600/3053]	lr: 0.00001, eta: 0:01:53, time: 0.020, data_time: 0.012, memory: 1146, loss: 2.6215
2021-03-28 22:34:56,153 - INFO - Epoch [4][700/3053]	lr: 0.00001, eta: 0:01:51, time: 0.023, data_time: 0.015, memory: 1146, loss: 2.6359
2021-03-28 22:34:58,124 - INFO - Epoch [4][800/3053]	lr: 0.00001, eta: 0:01:49, time: 0.020, data_time: 0.012, memory: 1146, loss: 2.5858
2021-03-28 22:35:00,044 - INFO - Epoch [4][900/3053]	lr: 0.00001, eta: 0:01:46, time: 0.019, data_time: 0.012, memory: 1146, loss: 2.5948
2021-03-28 22:35:02,298 - INFO - Epoch [4][1000/3053]	lr: 0.00001, eta: 0:01:45, time: 0.023, data_time: 0.015, memory: 1146, loss: 2.6022
2021-03-28 22:35:04,510 - INFO - Epoch [4][1100/3053]	lr: 0.00001, eta: 0:01:43, time: 0.022, data_time: 0.014, memory: 1146, loss: 2.6403
2021-03-28 22:35:06,497 - INFO - Epoch [4][1200/3053]	lr: 0.00001, eta: 0:01:40, time: 0.020, data_time: 0.012, memory: 1146, loss: 2.6169
2021-03-28 22:35:08,590 - INFO - Epoch [4][1300/3053]	lr: 0.00001, eta: 0:01:38, time: 0.021, data_time: 0.013, memory: 1146, loss: 2.6276
2021-03-28 22:35:10,725 - INFO - Epoch [4][1400/3053]	lr: 0.00001, eta: 0:01:36, time: 0.021, data_time: 0.014, memory: 1146, loss: 2.6056
2021-03-28 22:35:12,834 - INFO - Epoch [4][1500/3053]	lr: 0.00001, eta: 0:01:34, time: 0.021, data_time: 0.013, memory: 1146, loss: 2.6662
2021-03-28 22:35:15,023 - INFO - Epoch [4][1600/3053]	lr: 0.00001, eta: 0:01:32, time: 0.022, data_time: 0.014, memory: 1146, loss: 2.5941
2021-03-28 22:35:17,210 - INFO - Epoch [4][1700/3053]	lr: 0.00001, eta: 0:01:30, time: 0.022, data_time: 0.014, memory: 1146, loss: 2.6108
2021-03-28 22:35:19,170 - INFO - Epoch [4][1800/3053]	lr: 0.00001, eta: 0:01:28, time: 0.020, data_time: 0.013, memory: 1146, loss: 2.6116
2021-03-28 22:35:21,248 - INFO - Epoch [4][1900/3053]	lr: 0.00001, eta: 0:01:26, time: 0.021, data_time: 0.013, memory: 1146, loss: 2.6372
2021-03-28 22:35:23,226 - INFO - Epoch [4][2000/3053]	lr: 0.00001, eta: 0:01:24, time: 0.020, data_time: 0.012, memory: 1146, loss: 2.6060
2021-03-28 22:35:25,522 - INFO - Epoch [4][2100/3053]	lr: 0.00001, eta: 0:01:22, time: 0.023, data_time: 0.015, memory: 1146, loss: 2.5906
2021-03-28 22:35:27,642 - INFO - Epoch [4][2200/3053]	lr: 0.00001, eta: 0:01:20, time: 0.021, data_time: 0.013, memory: 1146, loss: 2.6135
2021-03-28 22:35:29,837 - INFO - Epoch [4][2300/3053]	lr: 0.00001, eta: 0:01:18, time: 0.022, data_time: 0.014, memory: 1146, loss: 2.6087
2021-03-28 22:35:31,943 - INFO - Epoch [4][2400/3053]	lr: 0.00001, eta: 0:01:16, time: 0.021, data_time: 0.013, memory: 1146, loss: 2.6501
2021-03-28 22:35:34,190 - INFO - Epoch [4][2500/3053]	lr: 0.00001, eta: 0:01:14, time: 0.022, data_time: 0.015, memory: 1146, loss: 2.6446
2021-03-28 22:35:36,433 - INFO - Epoch [4][2600/3053]	lr: 0.00001, eta: 0:01:12, time: 0.022, data_time: 0.015, memory: 1146, loss: 2.6401
2021-03-28 22:35:38,377 - INFO - Epoch [4][2700/3053]	lr: 0.00001, eta: 0:01:10, time: 0.019, data_time: 0.012, memory: 1146, loss: 2.6033
2021-03-28 22:35:40,613 - INFO - Epoch [4][2800/3053]	lr: 0.00001, eta: 0:01:08, time: 0.022, data_time: 0.015, memory: 1146, loss: 2.5459
2021-03-28 22:35:42,668 - INFO - Epoch [4][2900/3053]	lr: 0.00001, eta: 0:01:06, time: 0.021, data_time: 0.013, memory: 1146, loss: 2.6540
2021-03-28 22:35:44,832 - INFO - Epoch [4][3000/3053]	lr: 0.00001, eta: 0:01:04, time: 0.022, data_time: 0.014, memory: 1146, loss: 2.5771
2021-03-28 22:35:49,735 - INFO - Epoch(train) [4][152]	loss: 2.6190, top1: 0.0351, top5: 0.3355
2021-03-28 22:35:52,047 - INFO - Epoch [5][100/3053]	lr: 0.00000, eta: 0:01:00, time: 0.023, data_time: 0.016, memory: 1146, loss: 2.6262
2021-03-28 22:35:54,143 - INFO - Epoch [5][200/3053]	lr: 0.00000, eta: 0:00:58, time: 0.021, data_time: 0.013, memory: 1146, loss: 2.6356
2021-03-28 22:35:56,278 - INFO - Epoch [5][300/3053]	lr: 0.00000, eta: 0:00:56, time: 0.021, data_time: 0.014, memory: 1146, loss: 2.6387
2021-03-28 22:35:58,206 - INFO - Epoch [5][400/3053]	lr: 0.00000, eta: 0:00:54, time: 0.019, data_time: 0.012, memory: 1146, loss: 2.6370
2021-03-28 22:36:00,401 - INFO - Epoch [5][500/3053]	lr: 0.00000, eta: 0:00:52, time: 0.022, data_time: 0.014, memory: 1146, loss: 2.6357
2021-03-28 22:36:02,336 - INFO - Epoch [5][600/3053]	lr: 0.00000, eta: 0:00:50, time: 0.019, data_time: 0.012, memory: 1146, loss: 2.6314
2021-03-28 22:36:04,478 - INFO - Epoch [5][700/3053]	lr: 0.00000, eta: 0:00:48, time: 0.021, data_time: 0.014, memory: 1146, loss: 2.5919
2021-03-28 22:36:06,622 - INFO - Epoch [5][800/3053]	lr: 0.00000, eta: 0:00:46, time: 0.021, data_time: 0.014, memory: 1146, loss: 2.6309
2021-03-28 22:36:08,763 - INFO - Epoch [5][900/3053]	lr: 0.00000, eta: 0:00:44, time: 0.021, data_time: 0.014, memory: 1146, loss: 2.6106
2021-03-28 22:36:10,978 - INFO - Epoch [5][1000/3053]	lr: 0.00000, eta: 0:00:42, time: 0.022, data_time: 0.014, memory: 1146, loss: 2.6155
2021-03-28 22:36:13,005 - INFO - Epoch [5][1100/3053]	lr: 0.00000, eta: 0:00:40, time: 0.020, data_time: 0.013, memory: 1146, loss: 2.6004
2021-03-28 22:36:15,104 - INFO - Epoch [5][1200/3053]	lr: 0.00000, eta: 0:00:38, time: 0.021, data_time: 0.013, memory: 1146, loss: 2.6009
2021-03-28 22:36:17,054 - INFO - Epoch [5][1300/3053]	lr: 0.00000, eta: 0:00:36, time: 0.019, data_time: 0.012, memory: 1146, loss: 2.5966
2021-03-28 22:36:18,947 - INFO - Epoch [5][1400/3053]	lr: 0.00000, eta: 0:00:34, time: 0.019, data_time: 0.011, memory: 1146, loss: 2.6115
2021-03-28 22:36:20,887 - INFO - Epoch [5][1500/3053]	lr: 0.00000, eta: 0:00:32, time: 0.019, data_time: 0.012, memory: 1146, loss: 2.6449
2021-03-28 22:36:22,925 - INFO - Epoch [5][1600/3053]	lr: 0.00000, eta: 0:00:29, time: 0.020, data_time: 0.013, memory: 1146, loss: 2.6038
2021-03-28 22:36:25,188 - INFO - Epoch [5][1700/3053]	lr: 0.00000, eta: 0:00:27, time: 0.023, data_time: 0.015, memory: 1146, loss: 2.6095
2021-03-28 22:36:27,184 - INFO - Epoch [5][1800/3053]	lr: 0.00000, eta: 0:00:25, time: 0.020, data_time: 0.012, memory: 1146, loss: 2.6369
2021-03-28 22:36:29,201 - INFO - Epoch [5][1900/3053]	lr: 0.00000, eta: 0:00:23, time: 0.020, data_time: 0.012, memory: 1146, loss: 2.6446
2021-03-28 22:36:31,250 - INFO - Epoch [5][2000/3053]	lr: 0.00000, eta: 0:00:21, time: 0.020, data_time: 0.013, memory: 1146, loss: 2.5730
2021-03-28 22:36:33,458 - INFO - Epoch [5][2100/3053]	lr: 0.00000, eta: 0:00:19, time: 0.022, data_time: 0.014, memory: 1146, loss: 2.6357
2021-03-28 22:36:35,494 - INFO - Epoch [5][2200/3053]	lr: 0.00000, eta: 0:00:17, time: 0.020, data_time: 0.013, memory: 1146, loss: 2.5837
2021-03-28 22:36:37,591 - INFO - Epoch [5][2300/3053]	lr: 0.00000, eta: 0:00:15, time: 0.021, data_time: 0.013, memory: 1146, loss: 2.6271
2021-03-28 22:36:39,840 - INFO - Epoch [5][2400/3053]	lr: 0.00000, eta: 0:00:13, time: 0.022, data_time: 0.015, memory: 1146, loss: 2.6151
2021-03-28 22:36:41,865 - INFO - Epoch [5][2500/3053]	lr: 0.00000, eta: 0:00:11, time: 0.020, data_time: 0.013, memory: 1146, loss: 2.6117
2021-03-28 22:36:44,030 - INFO - Epoch [5][2600/3053]	lr: 0.00000, eta: 0:00:09, time: 0.022, data_time: 0.014, memory: 1146, loss: 2.6239
2021-03-28 22:36:46,151 - INFO - Epoch [5][2700/3053]	lr: 0.00000, eta: 0:00:07, time: 0.021, data_time: 0.013, memory: 1146, loss: 2.5949
2021-03-28 22:36:48,234 - INFO - Epoch [5][2800/3053]	lr: 0.00000, eta: 0:00:05, time: 0.021, data_time: 0.013, memory: 1146, loss: 2.5977
2021-03-28 22:36:50,098 - INFO - Epoch [5][2900/3053]	lr: 0.00000, eta: 0:00:03, time: 0.019, data_time: 0.011, memory: 1146, loss: 2.6202
2021-03-28 22:36:52,262 - INFO - Epoch [5][3000/3053]	lr: 0.00000, eta: 0:00:01, time: 0.022, data_time: 0.014, memory: 1146, loss: 2.6206
2021-03-28 22:36:57,045 - INFO - Epoch(train) [5][152]	loss: 2.6294, top1: 0.0482, top5: 0.3377
2021-03-28 22:36:58,094 - INFO - Start running, host: islab@islab6000, work_dir: /home/islab/Desktop/20.09-21.02_pet_ai_data/guide/pet_recogn/model/trained_model/dog
2021-03-28 22:36:58,095 - INFO - workflow: [('train', 5), ('val', 10)], max: 10 epochs
2021-03-28 22:37:00,520 - INFO - Epoch [1][100/6546]	lr: 0.01000, eta: 0:26:24, time: 0.024, data_time: 0.016, memory: 1146, loss: 2.7354
2021-03-28 22:37:02,649 - INFO - Epoch [1][200/6546]	lr: 0.01000, eta: 0:24:45, time: 0.021, data_time: 0.014, memory: 1146, loss: 2.7374
2021-03-28 22:37:04,723 - INFO - Epoch [1][300/6546]	lr: 0.01000, eta: 0:23:59, time: 0.021, data_time: 0.013, memory: 1146, loss: 2.7427
2021-03-28 22:37:06,850 - INFO - Epoch [1][400/6546]	lr: 0.01000, eta: 0:23:43, time: 0.021, data_time: 0.013, memory: 1146, loss: 2.7277
2021-03-28 22:37:08,785 - INFO - Epoch [1][500/6546]	lr: 0.01000, eta: 0:23:08, time: 0.019, data_time: 0.012, memory: 1146, loss: 2.7409
2021-03-28 22:37:10,882 - INFO - Epoch [1][600/6546]	lr: 0.01000, eta: 0:23:01, time: 0.021, data_time: 0.014, memory: 1146, loss: 2.7329
2021-03-28 22:37:13,031 - INFO - Epoch [1][700/6546]	lr: 0.01000, eta: 0:23:01, time: 0.021, data_time: 0.014, memory: 1146, loss: 2.7455
2021-03-28 22:37:14,846 - INFO - Epoch [1][800/6546]	lr: 0.01000, eta: 0:22:33, time: 0.018, data_time: 0.011, memory: 1146, loss: 2.7591
2021-03-28 22:37:16,746 - INFO - Epoch [1][900/6546]	lr: 0.01000, eta: 0:22:17, time: 0.019, data_time: 0.012, memory: 1146, loss: 2.7299
2021-03-28 22:37:18,681 - INFO - Epoch [1][1000/6546]	lr: 0.01000, eta: 0:22:06, time: 0.019, data_time: 0.012, memory: 1146, loss: 2.7338
2021-03-28 22:37:20,905 - INFO - Epoch [1][1100/6546]	lr: 0.01000, eta: 0:22:14, time: 0.022, data_time: 0.014, memory: 1146, loss: 2.7351
2021-03-28 22:37:22,967 - INFO - Epoch [1][1200/6546]	lr: 0.01000, eta: 0:22:11, time: 0.021, data_time: 0.013, memory: 1146, loss: 2.7222
2021-03-28 22:37:25,007 - INFO - Epoch [1][1300/6546]	lr: 0.01000, eta: 0:22:08, time: 0.020, data_time: 0.013, memory: 1146, loss: 2.7620
2021-03-28 22:37:27,039 - INFO - Epoch [1][1400/6546]	lr: 0.01000, eta: 0:22:04, time: 0.020, data_time: 0.013, memory: 1146, loss: 2.7347
2021-03-28 22:37:28,990 - INFO - Epoch [1][1500/6546]	lr: 0.01000, eta: 0:21:57, time: 0.020, data_time: 0.012, memory: 1146, loss: 2.7360
2021-03-28 22:37:31,044 - INFO - Epoch [1][1600/6546]	lr: 0.01000, eta: 0:21:54, time: 0.021, data_time: 0.013, memory: 1146, loss: 2.7317
2021-03-28 22:37:32,998 - INFO - Epoch [1][1700/6546]	lr: 0.01000, eta: 0:21:48, time: 0.020, data_time: 0.012, memory: 1146, loss: 2.7454
2021-03-28 22:37:35,083 - INFO - Epoch [1][1800/6546]	lr: 0.01000, eta: 0:21:47, time: 0.021, data_time: 0.013, memory: 1146, loss: 2.7625
2021-03-28 22:37:37,354 - INFO - Epoch [1][1900/6546]	lr: 0.01000, eta: 0:21:53, time: 0.023, data_time: 0.015, memory: 1146, loss: 2.7279
2021-03-28 22:37:39,366 - INFO - Epoch [1][2000/6546]	lr: 0.01000, eta: 0:21:49, time: 0.020, data_time: 0.013, memory: 1146, loss: 2.7447
2021-03-28 22:37:41,498 - INFO - Epoch [1][2100/6546]	lr: 0.01000, eta: 0:21:49, time: 0.021, data_time: 0.014, memory: 1146, loss: 2.7467
2021-03-28 22:37:43,840 - INFO - Epoch [1][2200/6546]	lr: 0.01000, eta: 0:21:55, time: 0.023, data_time: 0.016, memory: 1146, loss: 2.7593
2021-03-28 22:37:46,081 - INFO - Epoch [1][2300/6546]	lr: 0.01000, eta: 0:21:57, time: 0.022, data_time: 0.015, memory: 1146, loss: 2.7582
2021-03-28 22:37:48,118 - INFO - Epoch [1][2400/6546]	lr: 0.01000, eta: 0:21:54, time: 0.020, data_time: 0.013, memory: 1146, loss: 2.7395
2021-03-28 22:37:50,356 - INFO - Epoch [1][2500/6546]	lr: 0.01000, eta: 0:21:55, time: 0.022, data_time: 0.015, memory: 1146, loss: 2.7602
2021-03-28 22:37:52,459 - INFO - Epoch [1][2600/6546]	lr: 0.01000, eta: 0:21:54, time: 0.021, data_time: 0.013, memory: 1146, loss: 2.7421
2021-03-28 22:37:54,369 - INFO - Epoch [1][2700/6546]	lr: 0.01000, eta: 0:21:47, time: 0.019, data_time: 0.011, memory: 1146, loss: 2.7455
2021-03-28 22:37:56,543 - INFO - Epoch [1][2800/6546]	lr: 0.01000, eta: 0:21:47, time: 0.022, data_time: 0.014, memory: 1146, loss: 2.7409
2021-03-28 22:37:58,575 - INFO - Epoch [1][2900/6546]	lr: 0.01000, eta: 0:21:44, time: 0.020, data_time: 0.012, memory: 1146, loss: 2.7520
2021-03-28 22:38:00,483 - INFO - Epoch [1][3000/6546]	lr: 0.01000, eta: 0:21:38, time: 0.019, data_time: 0.011, memory: 1146, loss: 2.7620
2021-03-28 22:38:02,445 - INFO - Epoch [1][3100/6546]	lr: 0.01000, eta: 0:21:34, time: 0.020, data_time: 0.012, memory: 1146, loss: 2.7305
2021-03-28 22:38:04,426 - INFO - Epoch [1][3200/6546]	lr: 0.01000, eta: 0:21:30, time: 0.020, data_time: 0.012, memory: 1146, loss: 2.7358
2021-03-28 22:38:06,490 - INFO - Epoch [1][3300/6546]	lr: 0.01000, eta: 0:21:28, time: 0.021, data_time: 0.013, memory: 1146, loss: 2.7312
2021-03-28 22:38:08,547 - INFO - Epoch [1][3400/6546]	lr: 0.01000, eta: 0:21:25, time: 0.021, data_time: 0.013, memory: 1146, loss: 2.7274
2021-03-28 22:38:10,730 - INFO - Epoch [1][3500/6546]	lr: 0.01000, eta: 0:21:25, time: 0.022, data_time: 0.014, memory: 1146, loss: 2.7506
2021-03-28 22:38:12,671 - INFO - Epoch [1][3600/6546]	lr: 0.01000, eta: 0:21:21, time: 0.019, data_time: 0.011, memory: 1146, loss: 2.7484
2021-03-28 22:38:14,805 - INFO - Epoch [1][3700/6546]	lr: 0.01000, eta: 0:21:20, time: 0.021, data_time: 0.014, memory: 1146, loss: 2.7281
2021-03-28 22:38:17,190 - INFO - Epoch [1][3800/6546]	lr: 0.01000, eta: 0:21:23, time: 0.024, data_time: 0.016, memory: 1146, loss: 2.7572
2021-03-28 22:38:19,382 - INFO - Epoch [1][3900/6546]	lr: 0.01000, eta: 0:21:22, time: 0.022, data_time: 0.014, memory: 1146, loss: 2.7406
2021-03-28 22:38:21,381 - INFO - Epoch [1][4000/6546]	lr: 0.01000, eta: 0:21:19, time: 0.020, data_time: 0.013, memory: 1146, loss: 2.7435
2021-03-28 22:38:23,242 - INFO - Epoch [1][4100/6546]	lr: 0.01000, eta: 0:21:14, time: 0.019, data_time: 0.011, memory: 1146, loss: 2.7413
2021-03-28 22:38:25,239 - INFO - Epoch [1][4200/6546]	lr: 0.01000, eta: 0:21:10, time: 0.020, data_time: 0.013, memory: 1146, loss: 2.7301
2021-03-28 22:38:27,268 - INFO - Epoch [1][4300/6546]	lr: 0.01000, eta: 0:21:08, time: 0.020, data_time: 0.013, memory: 1146, loss: 2.7186
2021-03-28 22:38:29,295 - INFO - Epoch [1][4400/6546]	lr: 0.01000, eta: 0:21:05, time: 0.020, data_time: 0.013, memory: 1146, loss: 2.7472
2021-03-28 22:38:31,370 - INFO - Epoch [1][4500/6546]	lr: 0.01000, eta: 0:21:03, time: 0.021, data_time: 0.013, memory: 1146, loss: 2.7360
2021-03-28 22:38:33,573 - INFO - Epoch [1][4600/6546]	lr: 0.01000, eta: 0:21:03, time: 0.022, data_time: 0.014, memory: 1146, loss: 2.7184
2021-03-28 22:38:35,532 - INFO - Epoch [1][4700/6546]	lr: 0.01000, eta: 0:20:59, time: 0.020, data_time: 0.012, memory: 1146, loss: 2.7421
2021-03-28 22:38:37,509 - INFO - Epoch [1][4800/6546]	lr: 0.01000, eta: 0:20:56, time: 0.020, data_time: 0.012, memory: 1146, loss: 2.7347
2021-03-28 22:38:39,575 - INFO - Epoch [1][4900/6546]	lr: 0.01000, eta: 0:20:54, time: 0.021, data_time: 0.013, memory: 1146, loss: 2.7612
2021-03-28 22:38:41,517 - INFO - Epoch [1][5000/6546]	lr: 0.01000, eta: 0:20:50, time: 0.019, data_time: 0.012, memory: 1146, loss: 2.7292
2021-03-28 22:38:43,441 - INFO - Epoch [1][5100/6546]	lr: 0.01000, eta: 0:20:46, time: 0.019, data_time: 0.012, memory: 1146, loss: 2.7367
2021-03-28 22:38:45,497 - INFO - Epoch [1][5200/6546]	lr: 0.01000, eta: 0:20:44, time: 0.021, data_time: 0.013, memory: 1146, loss: 2.7292
2021-03-28 22:38:47,675 - INFO - Epoch [1][5300/6546]	lr: 0.01000, eta: 0:20:43, time: 0.022, data_time: 0.014, memory: 1146, loss: 2.7530
2021-03-28 22:38:49,852 - INFO - Epoch [1][5400/6546]	lr: 0.01000, eta: 0:20:42, time: 0.022, data_time: 0.014, memory: 1146, loss: 2.7595
2021-03-28 22:38:51,713 - INFO - Epoch [1][5500/6546]	lr: 0.01000, eta: 0:20:38, time: 0.019, data_time: 0.011, memory: 1146, loss: 2.7575
2021-03-28 22:38:53,835 - INFO - Epoch [1][5600/6546]	lr: 0.01000, eta: 0:20:37, time: 0.021, data_time: 0.013, memory: 1146, loss: 2.7419
2021-03-28 22:38:55,841 - INFO - Epoch [1][5700/6546]	lr: 0.01000, eta: 0:20:34, time: 0.020, data_time: 0.012, memory: 1146, loss: 2.7348
2021-03-28 22:38:57,991 - INFO - Epoch [1][5800/6546]	lr: 0.01000, eta: 0:20:33, time: 0.022, data_time: 0.014, memory: 1146, loss: 2.7285
2021-03-28 22:39:00,086 - INFO - Epoch [1][5900/6546]	lr: 0.01000, eta: 0:20:31, time: 0.021, data_time: 0.013, memory: 1146, loss: 2.7574
2021-03-28 22:39:02,161 - INFO - Epoch [1][6000/6546]	lr: 0.01000, eta: 0:20:29, time: 0.021, data_time: 0.013, memory: 1146, loss: 2.7169
2021-03-28 22:39:04,293 - INFO - Epoch [1][6100/6546]	lr: 0.01000, eta: 0:20:27, time: 0.021, data_time: 0.014, memory: 1146, loss: 2.7243
2021-03-28 22:39:06,327 - INFO - Epoch [1][6200/6546]	lr: 0.01000, eta: 0:20:25, time: 0.020, data_time: 0.013, memory: 1146, loss: 2.6958
2021-03-28 22:39:08,229 - INFO - Epoch [1][6300/6546]	lr: 0.01000, eta: 0:20:21, time: 0.019, data_time: 0.012, memory: 1146, loss: 2.7530
2021-03-28 22:39:10,357 - INFO - Epoch [1][6400/6546]	lr: 0.01000, eta: 0:20:20, time: 0.021, data_time: 0.014, memory: 1146, loss: 2.7353
2021-03-28 22:39:12,625 - INFO - Epoch [1][6500/6546]	lr: 0.01000, eta: 0:20:20, time: 0.023, data_time: 0.015, memory: 1146, loss: 2.7135
2021-03-28 22:39:15,780 - INFO - Epoch [2][100/6546]	lr: 0.01000, eta: 0:20:09, time: 0.021, data_time: 0.014, memory: 1146, loss: 2.7561
2021-03-28 22:39:17,732 - INFO - Epoch [2][200/6546]	lr: 0.01000, eta: 0:20:06, time: 0.020, data_time: 0.012, memory: 1146, loss: 2.7418
2021-03-28 22:39:19,785 - INFO - Epoch [2][300/6546]	lr: 0.01000, eta: 0:20:04, time: 0.021, data_time: 0.013, memory: 1146, loss: 2.7214
2021-03-28 22:39:22,045 - INFO - Epoch [2][400/6546]	lr: 0.01000, eta: 0:20:03, time: 0.023, data_time: 0.015, memory: 1146, loss: 2.7525
2021-03-28 22:39:24,056 - INFO - Epoch [2][500/6546]	lr: 0.01000, eta: 0:20:01, time: 0.020, data_time: 0.013, memory: 1146, loss: 2.7366
2021-03-28 22:39:26,242 - INFO - Epoch [2][600/6546]	lr: 0.01000, eta: 0:20:00, time: 0.022, data_time: 0.014, memory: 1146, loss: 2.7634
2021-03-28 22:39:28,223 - INFO - Epoch [2][700/6546]	lr: 0.01000, eta: 0:19:57, time: 0.020, data_time: 0.012, memory: 1146, loss: 2.7460
2021-03-28 22:39:30,365 - INFO - Epoch [2][800/6546]	lr: 0.01000, eta: 0:19:56, time: 0.021, data_time: 0.014, memory: 1146, loss: 2.7313
2021-03-28 22:39:32,410 - INFO - Epoch [2][900/6546]	lr: 0.01000, eta: 0:19:54, time: 0.020, data_time: 0.013, memory: 1146, loss: 2.7073
2021-03-28 22:39:34,623 - INFO - Epoch [2][1000/6546]	lr: 0.01000, eta: 0:19:53, time: 0.022, data_time: 0.015, memory: 1146, loss: 2.7277
2021-03-28 22:39:36,523 - INFO - Epoch [2][1100/6546]	lr: 0.01000, eta: 0:19:50, time: 0.019, data_time: 0.012, memory: 1146, loss: 2.7316
2021-03-28 22:39:38,553 - INFO - Epoch [2][1200/6546]	lr: 0.01000, eta: 0:19:47, time: 0.020, data_time: 0.012, memory: 1146, loss: 2.7165
2021-03-28 22:39:40,729 - INFO - Epoch [2][1300/6546]	lr: 0.01000, eta: 0:19:46, time: 0.022, data_time: 0.014, memory: 1146, loss: 2.7641
2021-03-28 22:39:42,579 - INFO - Epoch [2][1400/6546]	lr: 0.01000, eta: 0:19:43, time: 0.018, data_time: 0.011, memory: 1146, loss: 2.7198
2021-03-28 22:39:44,690 - INFO - Epoch [2][1500/6546]	lr: 0.01000, eta: 0:19:41, time: 0.021, data_time: 0.014, memory: 1146, loss: 2.7441
2021-03-28 22:39:46,787 - INFO - Epoch [2][1600/6546]	lr: 0.01000, eta: 0:19:39, time: 0.021, data_time: 0.013, memory: 1146, loss: 2.7499
2021-03-28 22:39:48,893 - INFO - Epoch [2][1700/6546]	lr: 0.01000, eta: 0:19:37, time: 0.021, data_time: 0.013, memory: 1146, loss: 2.7616
2021-03-28 22:39:50,964 - INFO - Epoch [2][1800/6546]	lr: 0.01000, eta: 0:19:35, time: 0.021, data_time: 0.013, memory: 1146, loss: 2.7424
2021-03-28 22:39:53,163 - INFO - Epoch [2][1900/6546]	lr: 0.01000, eta: 0:19:34, time: 0.022, data_time: 0.014, memory: 1146, loss: 2.7618
2021-03-28 22:39:55,050 - INFO - Epoch [2][2000/6546]	lr: 0.01000, eta: 0:19:31, time: 0.019, data_time: 0.011, memory: 1146, loss: 2.7384
2021-03-28 22:39:57,189 - INFO - Epoch [2][2100/6546]	lr: 0.01000, eta: 0:19:30, time: 0.021, data_time: 0.014, memory: 1146, loss: 2.7397
2021-03-28 22:39:59,121 - INFO - Epoch [2][2200/6546]	lr: 0.01000, eta: 0:19:27, time: 0.019, data_time: 0.011, memory: 1146, loss: 2.7266
2021-03-28 22:40:01,365 - INFO - Epoch [2][2300/6546]	lr: 0.01000, eta: 0:19:26, time: 0.022, data_time: 0.015, memory: 1146, loss: 2.7299
2021-03-28 22:40:03,605 - INFO - Epoch [2][2400/6546]	lr: 0.01000, eta: 0:19:25, time: 0.022, data_time: 0.015, memory: 1146, loss: 2.7521
2021-03-28 22:40:05,769 - INFO - Epoch [2][2500/6546]	lr: 0.01000, eta: 0:19:23, time: 0.022, data_time: 0.014, memory: 1146, loss: 2.7562
2021-03-28 22:40:07,743 - INFO - Epoch [2][2600/6546]	lr: 0.01000, eta: 0:19:21, time: 0.020, data_time: 0.012, memory: 1146, loss: 2.7442
2021-03-28 22:40:09,852 - INFO - Epoch [2][2700/6546]	lr: 0.01000, eta: 0:19:19, time: 0.021, data_time: 0.013, memory: 1146, loss: 2.7365
2021-03-28 22:40:11,963 - INFO - Epoch [2][2800/6546]	lr: 0.01000, eta: 0:19:17, time: 0.021, data_time: 0.013, memory: 1146, loss: 2.7531
2021-03-28 22:40:13,873 - INFO - Epoch [2][2900/6546]	lr: 0.01000, eta: 0:19:14, time: 0.019, data_time: 0.011, memory: 1146, loss: 2.7538
2021-03-28 22:40:15,998 - INFO - Epoch [2][3000/6546]	lr: 0.01000, eta: 0:19:13, time: 0.021, data_time: 0.013, memory: 1146, loss: 2.7489
2021-03-28 22:40:18,147 - INFO - Epoch [2][3100/6546]	lr: 0.01000, eta: 0:19:11, time: 0.021, data_time: 0.014, memory: 1146, loss: 2.7379
2021-03-28 22:40:20,422 - INFO - Epoch [2][3200/6546]	lr: 0.01000, eta: 0:19:10, time: 0.023, data_time: 0.015, memory: 1146, loss: 2.7432
2021-03-28 22:40:22,540 - INFO - Epoch [2][3300/6546]	lr: 0.01000, eta: 0:19:08, time: 0.021, data_time: 0.014, memory: 1146, loss: 2.7714
2021-03-28 22:40:24,621 - INFO - Epoch [2][3400/6546]	lr: 0.01000, eta: 0:19:06, time: 0.021, data_time: 0.013, memory: 1146, loss: 2.7438
2021-03-28 22:40:26,568 - INFO - Epoch [2][3500/6546]	lr: 0.01000, eta: 0:19:04, time: 0.019, data_time: 0.012, memory: 1146, loss: 2.7479
2021-03-28 22:40:28,941 - INFO - Epoch [2][3600/6546]	lr: 0.01000, eta: 0:19:03, time: 0.024, data_time: 0.016, memory: 1146, loss: 2.7081
2021-03-28 22:40:31,002 - INFO - Epoch [2][3700/6546]	lr: 0.01000, eta: 0:19:01, time: 0.021, data_time: 0.013, memory: 1146, loss: 2.7182
2021-03-28 22:40:33,202 - INFO - Epoch [2][3800/6546]	lr: 0.01000, eta: 0:19:00, time: 0.022, data_time: 0.014, memory: 1146, loss: 2.7489
2021-03-28 22:40:35,250 - INFO - Epoch [2][3900/6546]	lr: 0.01000, eta: 0:18:58, time: 0.020, data_time: 0.013, memory: 1146, loss: 2.7160
2021-03-28 22:40:37,237 - INFO - Epoch [2][4000/6546]	lr: 0.01000, eta: 0:18:55, time: 0.020, data_time: 0.012, memory: 1146, loss: 2.7514
2021-03-28 22:40:39,261 - INFO - Epoch [2][4100/6546]	lr: 0.01000, eta: 0:18:53, time: 0.020, data_time: 0.013, memory: 1146, loss: 2.7333
2021-03-28 22:40:41,125 - INFO - Epoch [2][4200/6546]	lr: 0.01000, eta: 0:18:50, time: 0.019, data_time: 0.011, memory: 1146, loss: 2.7478
2021-03-28 22:40:43,071 - INFO - Epoch [2][4300/6546]	lr: 0.01000, eta: 0:18:47, time: 0.019, data_time: 0.012, memory: 1146, loss: 2.7266
2021-03-28 22:40:45,072 - INFO - Epoch [2][4400/6546]	lr: 0.01000, eta: 0:18:45, time: 0.020, data_time: 0.013, memory: 1146, loss: 2.7481
2021-03-28 22:40:47,128 - INFO - Epoch [2][4500/6546]	lr: 0.01000, eta: 0:18:43, time: 0.021, data_time: 0.013, memory: 1146, loss: 2.7224
2021-03-28 22:40:49,341 - INFO - Epoch [2][4600/6546]	lr: 0.01000, eta: 0:18:41, time: 0.022, data_time: 0.014, memory: 1146, loss: 2.7555
2021-03-28 22:40:51,517 - INFO - Epoch [2][4700/6546]	lr: 0.01000, eta: 0:18:40, time: 0.022, data_time: 0.014, memory: 1146, loss: 2.7617
2021-03-28 22:40:53,449 - INFO - Epoch [2][4800/6546]	lr: 0.01000, eta: 0:18:37, time: 0.019, data_time: 0.012, memory: 1146, loss: 2.7414
2021-03-28 22:40:55,555 - INFO - Epoch [2][4900/6546]	lr: 0.01000, eta: 0:18:35, time: 0.021, data_time: 0.014, memory: 1146, loss: 2.7323
2021-03-28 22:40:57,439 - INFO - Epoch [2][5000/6546]	lr: 0.01000, eta: 0:18:32, time: 0.019, data_time: 0.012, memory: 1146, loss: 2.7289
2021-03-28 22:40:59,422 - INFO - Epoch [2][5100/6546]	lr: 0.01000, eta: 0:18:30, time: 0.020, data_time: 0.012, memory: 1146, loss: 2.7552
2021-03-28 22:41:01,757 - INFO - Epoch [2][5200/6546]	lr: 0.01000, eta: 0:18:29, time: 0.023, data_time: 0.016, memory: 1146, loss: 2.7257
2021-03-28 22:41:03,721 - INFO - Epoch [2][5300/6546]	lr: 0.01000, eta: 0:18:26, time: 0.020, data_time: 0.012, memory: 1146, loss: 2.7532
2021-03-28 22:41:05,870 - INFO - Epoch [2][5400/6546]	lr: 0.01000, eta: 0:18:25, time: 0.021, data_time: 0.014, memory: 1146, loss: 2.7293
2021-03-28 22:41:08,164 - INFO - Epoch [2][5500/6546]	lr: 0.01000, eta: 0:18:24, time: 0.023, data_time: 0.015, memory: 1146, loss: 2.7653
2021-03-28 22:41:10,198 - INFO - Epoch [2][5600/6546]	lr: 0.01000, eta: 0:18:22, time: 0.020, data_time: 0.013, memory: 1146, loss: 2.7513
2021-03-28 22:41:12,229 - INFO - Epoch [2][5700/6546]	lr: 0.01000, eta: 0:18:19, time: 0.020, data_time: 0.013, memory: 1146, loss: 2.7489
2021-03-28 22:41:14,107 - INFO - Epoch [2][5800/6546]	lr: 0.01000, eta: 0:18:16, time: 0.019, data_time: 0.012, memory: 1146, loss: 2.7466
2021-03-28 22:41:16,282 - INFO - Epoch [2][5900/6546]	lr: 0.01000, eta: 0:18:15, time: 0.022, data_time: 0.014, memory: 1146, loss: 2.7312
2021-03-28 22:41:18,395 - INFO - Epoch [2][6000/6546]	lr: 0.01000, eta: 0:18:13, time: 0.021, data_time: 0.013, memory: 1146, loss: 2.7237
2021-03-28 22:41:20,434 - INFO - Epoch [2][6100/6546]	lr: 0.01000, eta: 0:18:11, time: 0.020, data_time: 0.013, memory: 1146, loss: 2.7406
2021-03-28 22:41:22,604 - INFO - Epoch [2][6200/6546]	lr: 0.01000, eta: 0:18:09, time: 0.022, data_time: 0.014, memory: 1146, loss: 2.7204
2021-03-28 22:41:24,386 - INFO - Epoch [2][6300/6546]	lr: 0.01000, eta: 0:18:06, time: 0.018, data_time: 0.011, memory: 1146, loss: 2.7322
2021-03-28 22:41:26,313 - INFO - Epoch [2][6400/6546]	lr: 0.01000, eta: 0:18:03, time: 0.019, data_time: 0.012, memory: 1146, loss: 2.7458
2021-03-28 22:41:28,401 - INFO - Epoch [2][6500/6546]	lr: 0.01000, eta: 0:18:01, time: 0.021, data_time: 0.013, memory: 1146, loss: 2.7192
2021-03-28 22:41:31,427 - INFO - Epoch [3][100/6546]	lr: 0.01000, eta: 0:17:55, time: 0.022, data_time: 0.014, memory: 1146, loss: 2.7367
2021-03-28 22:41:33,500 - INFO - Epoch [3][200/6546]	lr: 0.01000, eta: 0:17:53, time: 0.021, data_time: 0.013, memory: 1146, loss: 2.7338
2021-03-28 22:41:35,538 - INFO - Epoch [3][300/6546]	lr: 0.01000, eta: 0:17:51, time: 0.020, data_time: 0.013, memory: 1146, loss: 2.7458
2021-03-28 22:41:37,554 - INFO - Epoch [3][400/6546]	lr: 0.01000, eta: 0:17:49, time: 0.020, data_time: 0.013, memory: 1146, loss: 2.7485
2021-03-28 22:41:39,487 - INFO - Epoch [3][500/6546]	lr: 0.01000, eta: 0:17:46, time: 0.019, data_time: 0.012, memory: 1146, loss: 2.7195
2021-03-28 22:41:41,311 - INFO - Epoch [3][600/6546]	lr: 0.01000, eta: 0:17:43, time: 0.018, data_time: 0.011, memory: 1146, loss: 2.7408
2021-03-28 22:41:43,473 - INFO - Epoch [3][700/6546]	lr: 0.01000, eta: 0:17:41, time: 0.022, data_time: 0.014, memory: 1146, loss: 2.7186
2021-03-28 22:41:45,400 - INFO - Epoch [3][800/6546]	lr: 0.01000, eta: 0:17:39, time: 0.019, data_time: 0.011, memory: 1146, loss: 2.7601
2021-03-28 22:41:47,570 - INFO - Epoch [3][900/6546]	lr: 0.01000, eta: 0:17:37, time: 0.022, data_time: 0.014, memory: 1146, loss: 2.7620
2021-03-28 22:41:49,680 - INFO - Epoch [3][1000/6546]	lr: 0.01000, eta: 0:17:35, time: 0.021, data_time: 0.013, memory: 1146, loss: 2.7378
2021-03-28 22:41:51,787 - INFO - Epoch [3][1100/6546]	lr: 0.01000, eta: 0:17:34, time: 0.021, data_time: 0.013, memory: 1146, loss: 2.7393
2021-03-28 22:41:53,784 - INFO - Epoch [3][1200/6546]	lr: 0.01000, eta: 0:17:31, time: 0.020, data_time: 0.012, memory: 1146, loss: 2.7723
2021-03-28 22:41:56,001 - INFO - Epoch [3][1300/6546]	lr: 0.01000, eta: 0:17:30, time: 0.022, data_time: 0.015, memory: 1146, loss: 2.7559
2021-03-28 22:41:58,020 - INFO - Epoch [3][1400/6546]	lr: 0.01000, eta: 0:17:28, time: 0.020, data_time: 0.013, memory: 1146, loss: 2.7459
2021-03-28 22:42:00,075 - INFO - Epoch [3][1500/6546]	lr: 0.01000, eta: 0:17:26, time: 0.021, data_time: 0.013, memory: 1146, loss: 2.7385
2021-03-28 22:42:02,084 - INFO - Epoch [3][1600/6546]	lr: 0.01000, eta: 0:17:23, time: 0.020, data_time: 0.012, memory: 1146, loss: 2.7524
2021-03-28 22:42:04,111 - INFO - Epoch [3][1700/6546]	lr: 0.01000, eta: 0:17:21, time: 0.020, data_time: 0.013, memory: 1146, loss: 2.7312
2021-03-28 22:42:06,125 - INFO - Epoch [3][1800/6546]	lr: 0.01000, eta: 0:17:19, time: 0.020, data_time: 0.012, memory: 1146, loss: 2.7204
2021-03-28 22:42:08,286 - INFO - Epoch [3][1900/6546]	lr: 0.01000, eta: 0:17:17, time: 0.022, data_time: 0.014, memory: 1146, loss: 2.7370
2021-03-28 22:42:10,403 - INFO - Epoch [3][2000/6546]	lr: 0.01000, eta: 0:17:15, time: 0.021, data_time: 0.013, memory: 1146, loss: 2.7239
2021-03-28 22:42:12,556 - INFO - Epoch [3][2100/6546]	lr: 0.01000, eta: 0:17:14, time: 0.022, data_time: 0.014, memory: 1146, loss: 2.7352
2021-03-28 22:42:14,423 - INFO - Epoch [3][2200/6546]	lr: 0.01000, eta: 0:17:11, time: 0.019, data_time: 0.011, memory: 1146, loss: 2.7433
2021-03-28 22:42:16,452 - INFO - Epoch [3][2300/6546]	lr: 0.01000, eta: 0:17:09, time: 0.020, data_time: 0.012, memory: 1146, loss: 2.7714
2021-03-28 22:42:18,550 - INFO - Epoch [3][2400/6546]	lr: 0.01000, eta: 0:17:07, time: 0.021, data_time: 0.013, memory: 1146, loss: 2.7118
2021-03-28 22:42:20,556 - INFO - Epoch [3][2500/6546]	lr: 0.01000, eta: 0:17:05, time: 0.020, data_time: 0.012, memory: 1146, loss: 2.7549
2021-03-28 22:42:22,581 - INFO - Epoch [3][2600/6546]	lr: 0.01000, eta: 0:17:03, time: 0.020, data_time: 0.013, memory: 1146, loss: 2.7818
2021-03-28 22:42:24,639 - INFO - Epoch [3][2700/6546]	lr: 0.01000, eta: 0:17:01, time: 0.021, data_time: 0.013, memory: 1146, loss: 2.7373
2021-03-28 22:42:26,926 - INFO - Epoch [3][2800/6546]	lr: 0.01000, eta: 0:16:59, time: 0.023, data_time: 0.015, memory: 1146, loss: 2.7499
2021-03-28 22:42:29,061 - INFO - Epoch [3][2900/6546]	lr: 0.01000, eta: 0:16:57, time: 0.021, data_time: 0.014, memory: 1146, loss: 2.7358
2021-03-28 22:42:30,953 - INFO - Epoch [3][3000/6546]	lr: 0.01000, eta: 0:16:55, time: 0.019, data_time: 0.011, memory: 1146, loss: 2.7519
2021-03-28 22:42:32,848 - INFO - Epoch [3][3100/6546]	lr: 0.01000, eta: 0:16:52, time: 0.019, data_time: 0.011, memory: 1146, loss: 2.7210
2021-03-28 22:42:35,029 - INFO - Epoch [3][3200/6546]	lr: 0.01000, eta: 0:16:51, time: 0.022, data_time: 0.014, memory: 1146, loss: 2.7341
2021-03-28 22:42:37,086 - INFO - Epoch [3][3300/6546]	lr: 0.01000, eta: 0:16:49, time: 0.021, data_time: 0.013, memory: 1146, loss: 2.7558
2021-03-28 22:42:39,163 - INFO - Epoch [3][3400/6546]	lr: 0.01000, eta: 0:16:47, time: 0.021, data_time: 0.014, memory: 1146, loss: 2.7197
2021-03-28 22:42:41,159 - INFO - Epoch [3][3500/6546]	lr: 0.01000, eta: 0:16:44, time: 0.020, data_time: 0.013, memory: 1146, loss: 2.7397
2021-03-28 22:42:43,203 - INFO - Epoch [3][3600/6546]	lr: 0.01000, eta: 0:16:42, time: 0.020, data_time: 0.013, memory: 1146, loss: 2.7376
2021-03-28 22:42:45,169 - INFO - Epoch [3][3700/6546]	lr: 0.01000, eta: 0:16:40, time: 0.020, data_time: 0.012, memory: 1146, loss: 2.7477
2021-03-28 22:42:47,337 - INFO - Epoch [3][3800/6546]	lr: 0.01000, eta: 0:16:38, time: 0.022, data_time: 0.014, memory: 1146, loss: 2.7415
2021-03-28 22:42:49,542 - INFO - Epoch [3][3900/6546]	lr: 0.01000, eta: 0:16:37, time: 0.022, data_time: 0.014, memory: 1146, loss: 2.7296
2021-03-28 22:42:51,702 - INFO - Epoch [3][4000/6546]	lr: 0.01000, eta: 0:16:35, time: 0.022, data_time: 0.014, memory: 1146, loss: 2.7261
2021-03-28 22:42:53,797 - INFO - Epoch [3][4100/6546]	lr: 0.01000, eta: 0:16:33, time: 0.021, data_time: 0.013, memory: 1146, loss: 2.7303
2021-03-28 22:42:55,832 - INFO - Epoch [3][4200/6546]	lr: 0.01000, eta: 0:16:31, time: 0.020, data_time: 0.013, memory: 1146, loss: 2.7276
2021-03-28 22:42:58,073 - INFO - Epoch [3][4300/6546]	lr: 0.01000, eta: 0:16:29, time: 0.022, data_time: 0.014, memory: 1146, loss: 2.7417
2021-03-28 22:43:00,095 - INFO - Epoch [3][4400/6546]	lr: 0.01000, eta: 0:16:27, time: 0.020, data_time: 0.013, memory: 1146, loss: 2.7239
2021-03-28 22:43:02,194 - INFO - Epoch [3][4500/6546]	lr: 0.01000, eta: 0:16:25, time: 0.021, data_time: 0.013, memory: 1146, loss: 2.7365
2021-03-28 22:43:04,157 - INFO - Epoch [3][4600/6546]	lr: 0.01000, eta: 0:16:23, time: 0.020, data_time: 0.012, memory: 1146, loss: 2.7491
2021-03-28 22:43:06,075 - INFO - Epoch [3][4700/6546]	lr: 0.01000, eta: 0:16:20, time: 0.019, data_time: 0.012, memory: 1146, loss: 2.7320
2021-03-28 22:43:08,041 - INFO - Epoch [3][4800/6546]	lr: 0.01000, eta: 0:16:18, time: 0.020, data_time: 0.012, memory: 1146, loss: 2.7376
2021-03-28 22:43:09,813 - INFO - Epoch [3][4900/6546]	lr: 0.01000, eta: 0:16:15, time: 0.018, data_time: 0.010, memory: 1146, loss: 2.7264
2021-03-28 22:43:11,649 - INFO - Epoch [3][5000/6546]	lr: 0.01000, eta: 0:16:13, time: 0.018, data_time: 0.011, memory: 1146, loss: 2.7539
2021-03-28 22:43:13,785 - INFO - Epoch [3][5100/6546]	lr: 0.01000, eta: 0:16:11, time: 0.021, data_time: 0.014, memory: 1146, loss: 2.7513
2021-03-28 22:43:15,739 - INFO - Epoch [3][5200/6546]	lr: 0.01000, eta: 0:16:08, time: 0.020, data_time: 0.012, memory: 1146, loss: 2.7558
2021-03-28 22:43:17,766 - INFO - Epoch [3][5300/6546]	lr: 0.01000, eta: 0:16:06, time: 0.020, data_time: 0.013, memory: 1146, loss: 2.7269
2021-03-28 22:43:19,977 - INFO - Epoch [3][5400/6546]	lr: 0.01000, eta: 0:16:05, time: 0.022, data_time: 0.014, memory: 1146, loss: 2.7432
2021-03-28 22:43:22,176 - INFO - Epoch [3][5500/6546]	lr: 0.01000, eta: 0:16:03, time: 0.022, data_time: 0.014, memory: 1146, loss: 2.7256
2021-03-28 22:43:24,308 - INFO - Epoch [3][5600/6546]	lr: 0.01000, eta: 0:16:01, time: 0.021, data_time: 0.014, memory: 1146, loss: 2.7552
2021-03-28 22:43:26,428 - INFO - Epoch [3][5700/6546]	lr: 0.01000, eta: 0:15:59, time: 0.021, data_time: 0.013, memory: 1146, loss: 2.7442
2021-03-28 22:43:28,540 - INFO - Epoch [3][5800/6546]	lr: 0.01000, eta: 0:15:57, time: 0.021, data_time: 0.014, memory: 1146, loss: 2.7426
2021-03-28 22:43:30,598 - INFO - Epoch [3][5900/6546]	lr: 0.01000, eta: 0:15:55, time: 0.021, data_time: 0.013, memory: 1146, loss: 2.7357
2021-03-28 22:43:32,659 - INFO - Epoch [3][6000/6546]	lr: 0.01000, eta: 0:15:53, time: 0.021, data_time: 0.013, memory: 1146, loss: 2.7651
2021-03-28 22:43:34,575 - INFO - Epoch [3][6100/6546]	lr: 0.01000, eta: 0:15:51, time: 0.019, data_time: 0.012, memory: 1146, loss: 2.7424
2021-03-28 22:43:36,578 - INFO - Epoch [3][6200/6546]	lr: 0.01000, eta: 0:15:49, time: 0.020, data_time: 0.012, memory: 1146, loss: 2.7357
2021-03-28 22:43:38,679 - INFO - Epoch [3][6300/6546]	lr: 0.01000, eta: 0:15:47, time: 0.021, data_time: 0.013, memory: 1146, loss: 2.7618
2021-03-28 22:43:40,536 - INFO - Epoch [3][6400/6546]	lr: 0.01000, eta: 0:15:44, time: 0.019, data_time: 0.011, memory: 1146, loss: 2.7251
2021-03-28 22:43:42,669 - INFO - Epoch [3][6500/6546]	lr: 0.01000, eta: 0:15:42, time: 0.021, data_time: 0.014, memory: 1146, loss: 2.7319
2021-03-28 22:43:46,046 - INFO - Epoch [4][100/6546]	lr: 0.01000, eta: 0:15:38, time: 0.023, data_time: 0.015, memory: 1146, loss: 2.7489
2021-03-28 22:43:48,040 - INFO - Epoch [4][200/6546]	lr: 0.01000, eta: 0:15:35, time: 0.020, data_time: 0.013, memory: 1146, loss: 2.7547
2021-03-28 22:43:50,119 - INFO - Epoch [4][300/6546]	lr: 0.01000, eta: 0:15:33, time: 0.021, data_time: 0.013, memory: 1146, loss: 2.7646
2021-03-28 22:43:52,157 - INFO - Epoch [4][400/6546]	lr: 0.01000, eta: 0:15:31, time: 0.020, data_time: 0.012, memory: 1146, loss: 2.7348
2021-03-28 22:43:54,272 - INFO - Epoch [4][500/6546]	lr: 0.01000, eta: 0:15:29, time: 0.021, data_time: 0.013, memory: 1146, loss: 2.7437
2021-03-28 22:43:56,316 - INFO - Epoch [4][600/6546]	lr: 0.01000, eta: 0:15:27, time: 0.020, data_time: 0.013, memory: 1146, loss: 2.7694
2021-03-28 22:43:58,331 - INFO - Epoch [4][700/6546]	lr: 0.01000, eta: 0:15:25, time: 0.020, data_time: 0.013, memory: 1146, loss: 2.7725
2021-03-28 22:44:00,446 - INFO - Epoch [4][800/6546]	lr: 0.01000, eta: 0:15:23, time: 0.021, data_time: 0.014, memory: 1146, loss: 2.7621
2021-03-28 22:44:02,488 - INFO - Epoch [4][900/6546]	lr: 0.01000, eta: 0:15:21, time: 0.020, data_time: 0.013, memory: 1146, loss: 2.7714
2021-03-28 22:44:04,580 - INFO - Epoch [4][1000/6546]	lr: 0.01000, eta: 0:15:19, time: 0.021, data_time: 0.013, memory: 1146, loss: 2.7409
2021-03-28 22:44:06,595 - INFO - Epoch [4][1100/6546]	lr: 0.01000, eta: 0:15:17, time: 0.020, data_time: 0.012, memory: 1146, loss: 2.7269
2021-03-28 22:44:08,481 - INFO - Epoch [4][1200/6546]	lr: 0.01000, eta: 0:15:15, time: 0.019, data_time: 0.012, memory: 1146, loss: 2.7363
2021-03-28 22:44:10,660 - INFO - Epoch [4][1300/6546]	lr: 0.01000, eta: 0:15:13, time: 0.022, data_time: 0.014, memory: 1146, loss: 2.7266
2021-03-28 22:44:12,804 - INFO - Epoch [4][1400/6546]	lr: 0.01000, eta: 0:15:11, time: 0.021, data_time: 0.014, memory: 1146, loss: 2.7574
2021-03-28 22:44:14,757 - INFO - Epoch [4][1500/6546]	lr: 0.01000, eta: 0:15:09, time: 0.020, data_time: 0.012, memory: 1146, loss: 2.7558
2021-03-28 22:44:16,778 - INFO - Epoch [4][1600/6546]	lr: 0.01000, eta: 0:15:07, time: 0.020, data_time: 0.012, memory: 1146, loss: 2.7570
2021-03-28 22:44:18,924 - INFO - Epoch [4][1700/6546]	lr: 0.01000, eta: 0:15:05, time: 0.021, data_time: 0.014, memory: 1146, loss: 2.7494
2021-03-28 22:44:20,923 - INFO - Epoch [4][1800/6546]	lr: 0.01000, eta: 0:15:03, time: 0.020, data_time: 0.012, memory: 1146, loss: 2.7392
2021-03-28 22:44:22,915 - INFO - Epoch [4][1900/6546]	lr: 0.01000, eta: 0:15:01, time: 0.020, data_time: 0.012, memory: 1146, loss: 2.7427
2021-03-28 22:44:24,867 - INFO - Epoch [4][2000/6546]	lr: 0.01000, eta: 0:14:58, time: 0.020, data_time: 0.012, memory: 1146, loss: 2.7253
2021-03-28 22:44:26,877 - INFO - Epoch [4][2100/6546]	lr: 0.01000, eta: 0:14:56, time: 0.020, data_time: 0.013, memory: 1146, loss: 2.7233
2021-03-28 22:44:29,161 - INFO - Epoch [4][2200/6546]	lr: 0.01000, eta: 0:14:55, time: 0.023, data_time: 0.015, memory: 1146, loss: 2.7517
2021-03-28 22:44:31,323 - INFO - Epoch [4][2300/6546]	lr: 0.01000, eta: 0:14:53, time: 0.022, data_time: 0.014, memory: 1146, loss: 2.7355
2021-03-28 22:44:33,457 - INFO - Epoch [4][2400/6546]	lr: 0.01000, eta: 0:14:51, time: 0.021, data_time: 0.014, memory: 1146, loss: 2.7418
2021-03-28 22:44:35,551 - INFO - Epoch [4][2500/6546]	lr: 0.01000, eta: 0:14:49, time: 0.021, data_time: 0.013, memory: 1146, loss: 2.7345
2021-03-28 22:44:37,534 - INFO - Epoch [4][2600/6546]	lr: 0.01000, eta: 0:14:47, time: 0.020, data_time: 0.012, memory: 1146, loss: 2.7266
2021-03-28 22:44:39,444 - INFO - Epoch [4][2700/6546]	lr: 0.01000, eta: 0:14:44, time: 0.019, data_time: 0.012, memory: 1146, loss: 2.7147
2021-03-28 22:44:41,580 - INFO - Epoch [4][2800/6546]	lr: 0.01000, eta: 0:14:42, time: 0.021, data_time: 0.014, memory: 1146, loss: 2.7355
2021-03-28 22:44:43,849 - INFO - Epoch [4][2900/6546]	lr: 0.01000, eta: 0:14:41, time: 0.023, data_time: 0.015, memory: 1146, loss: 2.6899
2021-03-28 22:44:45,729 - INFO - Epoch [4][3000/6546]	lr: 0.01000, eta: 0:14:38, time: 0.019, data_time: 0.011, memory: 1146, loss: 2.7598
2021-03-28 22:44:48,005 - INFO - Epoch [4][3100/6546]	lr: 0.01000, eta: 0:14:37, time: 0.023, data_time: 0.015, memory: 1146, loss: 2.7614
2021-03-28 22:44:49,939 - INFO - Epoch [4][3200/6546]	lr: 0.01000, eta: 0:14:35, time: 0.019, data_time: 0.012, memory: 1146, loss: 2.7500
2021-03-28 22:44:51,824 - INFO - Epoch [4][3300/6546]	lr: 0.01000, eta: 0:14:32, time: 0.019, data_time: 0.011, memory: 1146, loss: 2.7240
2021-03-28 22:44:53,771 - INFO - Epoch [4][3400/6546]	lr: 0.01000, eta: 0:14:30, time: 0.019, data_time: 0.012, memory: 1146, loss: 2.7316
2021-03-28 22:44:55,965 - INFO - Epoch [4][3500/6546]	lr: 0.01000, eta: 0:14:28, time: 0.022, data_time: 0.014, memory: 1146, loss: 2.7360
2021-03-28 22:44:57,952 - INFO - Epoch [4][3600/6546]	lr: 0.01000, eta: 0:14:26, time: 0.020, data_time: 0.012, memory: 1146, loss: 2.7449
2021-03-28 22:45:00,122 - INFO - Epoch [4][3700/6546]	lr: 0.01000, eta: 0:14:24, time: 0.022, data_time: 0.014, memory: 1146, loss: 2.7445
2021-03-28 22:45:02,353 - INFO - Epoch [4][3800/6546]	lr: 0.01000, eta: 0:14:22, time: 0.022, data_time: 0.015, memory: 1146, loss: 2.7624
2021-03-28 22:45:04,500 - INFO - Epoch [4][3900/6546]	lr: 0.01000, eta: 0:14:21, time: 0.021, data_time: 0.014, memory: 1146, loss: 2.7421
2021-03-28 22:45:06,559 - INFO - Epoch [4][4000/6546]	lr: 0.01000, eta: 0:14:18, time: 0.021, data_time: 0.013, memory: 1146, loss: 2.7303
2021-03-28 22:45:08,730 - INFO - Epoch [4][4100/6546]	lr: 0.01000, eta: 0:14:17, time: 0.022, data_time: 0.014, memory: 1146, loss: 2.7373
2021-03-28 22:45:10,680 - INFO - Epoch [4][4200/6546]	lr: 0.01000, eta: 0:14:14, time: 0.019, data_time: 0.012, memory: 1146, loss: 2.7171
2021-03-28 22:45:12,749 - INFO - Epoch [4][4300/6546]	lr: 0.01000, eta: 0:14:12, time: 0.021, data_time: 0.013, memory: 1146, loss: 2.7533
2021-03-28 22:45:14,620 - INFO - Epoch [4][4400/6546]	lr: 0.01000, eta: 0:14:10, time: 0.019, data_time: 0.011, memory: 1146, loss: 2.7296
2021-03-28 22:45:16,838 - INFO - Epoch [4][4500/6546]	lr: 0.01000, eta: 0:14:08, time: 0.022, data_time: 0.015, memory: 1146, loss: 2.7304
2021-03-28 22:45:18,910 - INFO - Epoch [4][4600/6546]	lr: 0.01000, eta: 0:14:06, time: 0.021, data_time: 0.013, memory: 1146, loss: 2.7387
2021-03-28 22:45:20,849 - INFO - Epoch [4][4700/6546]	lr: 0.01000, eta: 0:14:04, time: 0.019, data_time: 0.012, memory: 1146, loss: 2.7392
2021-03-28 22:45:22,972 - INFO - Epoch [4][4800/6546]	lr: 0.01000, eta: 0:14:02, time: 0.021, data_time: 0.013, memory: 1146, loss: 2.7255
2021-03-28 22:45:24,966 - INFO - Epoch [4][4900/6546]	lr: 0.01000, eta: 0:14:00, time: 0.020, data_time: 0.012, memory: 1146, loss: 2.7423
2021-03-28 22:45:26,972 - INFO - Epoch [4][5000/6546]	lr: 0.01000, eta: 0:13:58, time: 0.020, data_time: 0.012, memory: 1146, loss: 2.7392
2021-03-28 22:45:28,997 - INFO - Epoch [4][5100/6546]	lr: 0.01000, eta: 0:13:56, time: 0.020, data_time: 0.012, memory: 1146, loss: 2.7597
2021-03-28 22:45:30,897 - INFO - Epoch [4][5200/6546]	lr: 0.01000, eta: 0:13:53, time: 0.019, data_time: 0.011, memory: 1146, loss: 2.7298
2021-03-28 22:45:32,958 - INFO - Epoch [4][5300/6546]	lr: 0.01000, eta: 0:13:51, time: 0.021, data_time: 0.013, memory: 1146, loss: 2.7122
2021-03-28 22:45:35,043 - INFO - Epoch [4][5400/6546]	lr: 0.01000, eta: 0:13:49, time: 0.021, data_time: 0.013, memory: 1146, loss: 2.7374
2021-03-28 22:45:37,072 - INFO - Epoch [4][5500/6546]	lr: 0.01000, eta: 0:13:47, time: 0.020, data_time: 0.012, memory: 1146, loss: 2.7307
2021-03-28 22:45:39,060 - INFO - Epoch [4][5600/6546]	lr: 0.01000, eta: 0:13:45, time: 0.020, data_time: 0.012, memory: 1146, loss: 2.7434
2021-03-28 22:45:41,143 - INFO - Epoch [4][5700/6546]	lr: 0.01000, eta: 0:13:43, time: 0.021, data_time: 0.013, memory: 1146, loss: 2.7651
2021-03-28 22:45:43,309 - INFO - Epoch [4][5800/6546]	lr: 0.01000, eta: 0:13:41, time: 0.022, data_time: 0.014, memory: 1146, loss: 2.7369
2021-03-28 22:45:45,304 - INFO - Epoch [4][5900/6546]	lr: 0.01000, eta: 0:13:39, time: 0.020, data_time: 0.012, memory: 1146, loss: 2.7345
2021-03-28 22:45:47,128 - INFO - Epoch [4][6000/6546]	lr: 0.01000, eta: 0:13:37, time: 0.018, data_time: 0.011, memory: 1146, loss: 2.7723
2021-03-28 22:45:49,132 - INFO - Epoch [4][6100/6546]	lr: 0.01000, eta: 0:13:34, time: 0.020, data_time: 0.012, memory: 1146, loss: 2.7406
2021-03-28 22:45:51,346 - INFO - Epoch [4][6200/6546]	lr: 0.01000, eta: 0:13:33, time: 0.022, data_time: 0.014, memory: 1146, loss: 2.7371
2021-03-28 22:45:53,601 - INFO - Epoch [4][6300/6546]	lr: 0.01000, eta: 0:13:31, time: 0.023, data_time: 0.015, memory: 1146, loss: 2.7373
2021-03-28 22:45:55,892 - INFO - Epoch [4][6400/6546]	lr: 0.01000, eta: 0:13:29, time: 0.023, data_time: 0.015, memory: 1146, loss: 2.7226
2021-03-28 22:45:58,067 - INFO - Epoch [4][6500/6546]	lr: 0.01000, eta: 0:13:27, time: 0.022, data_time: 0.014, memory: 1146, loss: 2.7255
2021-03-28 22:46:01,529 - INFO - Epoch [5][100/6546]	lr: 0.01000, eta: 0:13:24, time: 0.026, data_time: 0.018, memory: 1146, loss: 2.7407
2021-03-28 22:46:03,556 - INFO - Epoch [5][200/6546]	lr: 0.01000, eta: 0:13:22, time: 0.020, data_time: 0.013, memory: 1146, loss: 2.7202
2021-03-28 22:46:05,662 - INFO - Epoch [5][300/6546]	lr: 0.01000, eta: 0:13:20, time: 0.021, data_time: 0.014, memory: 1146, loss: 2.7341
2021-03-28 22:46:07,707 - INFO - Epoch [5][400/6546]	lr: 0.01000, eta: 0:13:18, time: 0.020, data_time: 0.013, memory: 1146, loss: 2.7129
2021-03-28 22:46:09,747 - INFO - Epoch [5][500/6546]	lr: 0.01000, eta: 0:13:16, time: 0.020, data_time: 0.013, memory: 1146, loss: 2.7141
2021-03-28 22:46:12,003 - INFO - Epoch [5][600/6546]	lr: 0.01000, eta: 0:13:14, time: 0.023, data_time: 0.015, memory: 1146, loss: 2.7651
2021-03-28 22:46:14,321 - INFO - Epoch [5][700/6546]	lr: 0.01000, eta: 0:13:12, time: 0.023, data_time: 0.015, memory: 1146, loss: 2.7523
2021-03-28 22:46:16,394 - INFO - Epoch [5][800/6546]	lr: 0.01000, eta: 0:13:10, time: 0.021, data_time: 0.013, memory: 1146, loss: 2.7468
2021-03-28 22:46:18,389 - INFO - Epoch [5][900/6546]	lr: 0.01000, eta: 0:13:08, time: 0.020, data_time: 0.012, memory: 1146, loss: 2.7408
2021-03-28 22:46:20,569 - INFO - Epoch [5][1000/6546]	lr: 0.01000, eta: 0:13:06, time: 0.022, data_time: 0.014, memory: 1146, loss: 2.7431
2021-03-28 22:46:22,493 - INFO - Epoch [5][1100/6546]	lr: 0.01000, eta: 0:13:04, time: 0.019, data_time: 0.011, memory: 1146, loss: 2.7529
2021-03-28 22:46:24,432 - INFO - Epoch [5][1200/6546]	lr: 0.01000, eta: 0:13:02, time: 0.019, data_time: 0.012, memory: 1146, loss: 2.7159
2021-03-28 22:46:26,592 - INFO - Epoch [5][1300/6546]	lr: 0.01000, eta: 0:13:00, time: 0.022, data_time: 0.014, memory: 1146, loss: 2.7635
2021-03-28 22:46:28,595 - INFO - Epoch [5][1400/6546]	lr: 0.01000, eta: 0:12:58, time: 0.020, data_time: 0.012, memory: 1146, loss: 2.7315
2021-03-28 22:46:30,621 - INFO - Epoch [5][1500/6546]	lr: 0.01000, eta: 0:12:55, time: 0.020, data_time: 0.013, memory: 1146, loss: 2.7361
2021-03-28 22:46:32,693 - INFO - Epoch [5][1600/6546]	lr: 0.01000, eta: 0:12:53, time: 0.021, data_time: 0.013, memory: 1146, loss: 2.7567
2021-03-28 22:46:34,864 - INFO - Epoch [5][1700/6546]	lr: 0.01000, eta: 0:12:52, time: 0.022, data_time: 0.014, memory: 1146, loss: 2.7472
2021-03-28 22:46:36,945 - INFO - Epoch [5][1800/6546]	lr: 0.01000, eta: 0:12:49, time: 0.021, data_time: 0.013, memory: 1146, loss: 2.7435
2021-03-28 22:46:39,136 - INFO - Epoch [5][1900/6546]	lr: 0.01000, eta: 0:12:48, time: 0.022, data_time: 0.014, memory: 1146, loss: 2.7221
2021-03-28 22:46:41,161 - INFO - Epoch [5][2000/6546]	lr: 0.01000, eta: 0:12:46, time: 0.020, data_time: 0.013, memory: 1146, loss: 2.7482
2021-03-28 22:46:43,311 - INFO - Epoch [5][2100/6546]	lr: 0.01000, eta: 0:12:44, time: 0.021, data_time: 0.014, memory: 1146, loss: 2.7456
2021-03-28 22:46:45,310 - INFO - Epoch [5][2200/6546]	lr: 0.01000, eta: 0:12:41, time: 0.020, data_time: 0.012, memory: 1146, loss: 2.7291
2021-03-28 22:46:47,253 - INFO - Epoch [5][2300/6546]	lr: 0.01000, eta: 0:12:39, time: 0.019, data_time: 0.012, memory: 1146, loss: 2.7387
2021-03-28 22:46:49,281 - INFO - Epoch [5][2400/6546]	lr: 0.01000, eta: 0:12:37, time: 0.020, data_time: 0.013, memory: 1146, loss: 2.7200
2021-03-28 22:46:51,289 - INFO - Epoch [5][2500/6546]	lr: 0.01000, eta: 0:12:35, time: 0.020, data_time: 0.013, memory: 1146, loss: 2.7453
2021-03-28 22:46:53,476 - INFO - Epoch [5][2600/6546]	lr: 0.01000, eta: 0:12:33, time: 0.022, data_time: 0.014, memory: 1146, loss: 2.7427
2021-03-28 22:46:55,411 - INFO - Epoch [5][2700/6546]	lr: 0.01000, eta: 0:12:31, time: 0.019, data_time: 0.012, memory: 1146, loss: 2.7629
2021-03-28 22:46:57,519 - INFO - Epoch [5][2800/6546]	lr: 0.01000, eta: 0:12:29, time: 0.021, data_time: 0.014, memory: 1146, loss: 2.7490
2021-03-28 22:46:59,883 - INFO - Epoch [5][2900/6546]	lr: 0.01000, eta: 0:12:27, time: 0.024, data_time: 0.016, memory: 1146, loss: 2.7467
2021-03-28 22:47:02,260 - INFO - Epoch [5][3000/6546]	lr: 0.01000, eta: 0:12:26, time: 0.024, data_time: 0.016, memory: 1146, loss: 2.7635
2021-03-28 22:47:04,366 - INFO - Epoch [5][3100/6546]	lr: 0.01000, eta: 0:12:24, time: 0.021, data_time: 0.013, memory: 1146, loss: 2.7192
2021-03-28 22:47:06,571 - INFO - Epoch [5][3200/6546]	lr: 0.01000, eta: 0:12:22, time: 0.022, data_time: 0.014, memory: 1146, loss: 2.7070
2021-03-28 22:47:08,545 - INFO - Epoch [5][3300/6546]	lr: 0.01000, eta: 0:12:20, time: 0.020, data_time: 0.012, memory: 1146, loss: 2.7521
2021-03-28 22:47:10,540 - INFO - Epoch [5][3400/6546]	lr: 0.01000, eta: 0:12:17, time: 0.020, data_time: 0.012, memory: 1146, loss: 2.7464
2021-03-28 22:47:12,654 - INFO - Epoch [5][3500/6546]	lr: 0.01000, eta: 0:12:16, time: 0.021, data_time: 0.013, memory: 1146, loss: 2.7229
2021-03-28 22:47:14,886 - INFO - Epoch [5][3600/6546]	lr: 0.01000, eta: 0:12:14, time: 0.022, data_time: 0.014, memory: 1146, loss: 2.7345
2021-03-28 22:47:16,820 - INFO - Epoch [5][3700/6546]	lr: 0.01000, eta: 0:12:11, time: 0.019, data_time: 0.012, memory: 1146, loss: 2.7216
2021-03-28 22:47:19,063 - INFO - Epoch [5][3800/6546]	lr: 0.01000, eta: 0:12:10, time: 0.022, data_time: 0.015, memory: 1146, loss: 2.7248
2021-03-28 22:47:21,228 - INFO - Epoch [5][3900/6546]	lr: 0.01000, eta: 0:12:08, time: 0.022, data_time: 0.014, memory: 1146, loss: 2.7286
2021-03-28 22:47:23,228 - INFO - Epoch [5][4000/6546]	lr: 0.01000, eta: 0:12:06, time: 0.020, data_time: 0.012, memory: 1146, loss: 2.7622
2021-03-28 22:47:25,384 - INFO - Epoch [5][4100/6546]	lr: 0.01000, eta: 0:12:04, time: 0.022, data_time: 0.014, memory: 1146, loss: 2.7242
2021-03-28 22:47:27,410 - INFO - Epoch [5][4200/6546]	lr: 0.01000, eta: 0:12:02, time: 0.020, data_time: 0.013, memory: 1146, loss: 2.7318
2021-03-28 22:47:29,531 - INFO - Epoch [5][4300/6546]	lr: 0.01000, eta: 0:12:00, time: 0.021, data_time: 0.013, memory: 1146, loss: 2.7501
2021-03-28 22:47:31,432 - INFO - Epoch [5][4400/6546]	lr: 0.01000, eta: 0:11:57, time: 0.019, data_time: 0.012, memory: 1146, loss: 2.7580
2021-03-28 22:47:33,281 - INFO - Epoch [5][4500/6546]	lr: 0.01000, eta: 0:11:55, time: 0.018, data_time: 0.011, memory: 1146, loss: 2.7638
2021-03-28 22:47:35,329 - INFO - Epoch [5][4600/6546]	lr: 0.01000, eta: 0:11:53, time: 0.020, data_time: 0.013, memory: 1146, loss: 2.7218
2021-03-28 22:47:37,241 - INFO - Epoch [5][4700/6546]	lr: 0.01000, eta: 0:11:51, time: 0.019, data_time: 0.012, memory: 1146, loss: 2.7329
2021-03-28 22:47:39,471 - INFO - Epoch [5][4800/6546]	lr: 0.01000, eta: 0:11:49, time: 0.022, data_time: 0.015, memory: 1146, loss: 2.7346
2021-03-28 22:47:41,697 - INFO - Epoch [5][4900/6546]	lr: 0.01000, eta: 0:11:47, time: 0.022, data_time: 0.014, memory: 1146, loss: 2.7503
2021-03-28 22:47:43,684 - INFO - Epoch [5][5000/6546]	lr: 0.01000, eta: 0:11:45, time: 0.020, data_time: 0.012, memory: 1146, loss: 2.7549
2021-03-28 22:47:45,695 - INFO - Epoch [5][5100/6546]	lr: 0.01000, eta: 0:11:43, time: 0.020, data_time: 0.013, memory: 1146, loss: 2.7044
2021-03-28 22:47:47,551 - INFO - Epoch [5][5200/6546]	lr: 0.01000, eta: 0:11:40, time: 0.019, data_time: 0.011, memory: 1146, loss: 2.7153
2021-03-28 22:47:49,771 - INFO - Epoch [5][5300/6546]	lr: 0.01000, eta: 0:11:39, time: 0.022, data_time: 0.015, memory: 1146, loss: 2.7609
2021-03-28 22:47:51,677 - INFO - Epoch [5][5400/6546]	lr: 0.01000, eta: 0:11:36, time: 0.019, data_time: 0.011, memory: 1146, loss: 2.7370
2021-03-28 22:47:53,992 - INFO - Epoch [5][5500/6546]	lr: 0.01000, eta: 0:11:35, time: 0.023, data_time: 0.016, memory: 1146, loss: 2.7142
2021-03-28 22:47:56,018 - INFO - Epoch [5][5600/6546]	lr: 0.01000, eta: 0:11:32, time: 0.020, data_time: 0.013, memory: 1146, loss: 2.7308
2021-03-28 22:47:58,141 - INFO - Epoch [5][5700/6546]	lr: 0.01000, eta: 0:11:30, time: 0.021, data_time: 0.014, memory: 1146, loss: 2.7567
2021-03-28 22:48:00,394 - INFO - Epoch [5][5800/6546]	lr: 0.01000, eta: 0:11:29, time: 0.023, data_time: 0.015, memory: 1146, loss: 2.7689
2021-03-28 22:48:02,545 - INFO - Epoch [5][5900/6546]	lr: 0.01000, eta: 0:11:27, time: 0.022, data_time: 0.014, memory: 1146, loss: 2.7742
2021-03-28 22:48:04,613 - INFO - Epoch [5][6000/6546]	lr: 0.01000, eta: 0:11:25, time: 0.021, data_time: 0.013, memory: 1146, loss: 2.7310
2021-03-28 22:48:06,414 - INFO - Epoch [5][6100/6546]	lr: 0.01000, eta: 0:11:22, time: 0.018, data_time: 0.010, memory: 1146, loss: 2.7602
2021-03-28 22:48:08,414 - INFO - Epoch [5][6200/6546]	lr: 0.01000, eta: 0:11:20, time: 0.020, data_time: 0.012, memory: 1146, loss: 2.7395
2021-03-28 22:48:10,403 - INFO - Epoch [5][6300/6546]	lr: 0.01000, eta: 0:11:18, time: 0.020, data_time: 0.012, memory: 1146, loss: 2.7379
2021-03-28 22:48:12,356 - INFO - Epoch [5][6400/6546]	lr: 0.01000, eta: 0:11:16, time: 0.020, data_time: 0.012, memory: 1146, loss: 2.7419
2021-03-28 22:48:14,331 - INFO - Epoch [5][6500/6546]	lr: 0.01000, eta: 0:11:14, time: 0.020, data_time: 0.012, memory: 1146, loss: 2.7470
2021-03-28 22:48:23,317 - INFO - Epoch(train) [5][327]	loss: 2.7630, top1: 0.0183, top5: 0.2905
2021-03-28 22:48:31,015 - INFO - Epoch(train) [5][327]	loss: 2.7626, top1: 0.0183, top5: 0.2915
2021-03-28 22:48:38,815 - INFO - Epoch(train) [5][327]	loss: 2.7616, top1: 0.0173, top5: 0.2966
2021-03-28 22:48:46,611 - INFO - Epoch(train) [5][327]	loss: 2.7630, top1: 0.0194, top5: 0.2905
2021-03-28 22:48:54,239 - INFO - Epoch(train) [5][327]	loss: 2.7612, top1: 0.0183, top5: 0.2926
2021-03-28 22:49:02,014 - INFO - Epoch(train) [5][327]	loss: 2.7627, top1: 0.0194, top5: 0.2885
2021-03-28 22:49:09,991 - INFO - Epoch(train) [5][327]	loss: 2.7632, top1: 0.0173, top5: 0.2905
2021-03-28 22:49:18,238 - INFO - Epoch(train) [5][327]	loss: 2.7620, top1: 0.0194, top5: 0.2905
2021-03-28 22:49:26,058 - INFO - Epoch(train) [5][327]	loss: 2.7637, top1: 0.0194, top5: 0.2915
2021-03-28 22:49:33,785 - INFO - Epoch(train) [5][327]	loss: 2.7619, top1: 0.0183, top5: 0.2926
2021-03-28 22:49:36,147 - INFO - Epoch [6][100/6546]	lr: 0.00100, eta: 0:11:10, time: 0.024, data_time: 0.016, memory: 1146, loss: 2.7223
2021-03-28 22:49:38,140 - INFO - Epoch [6][200/6546]	lr: 0.00100, eta: 0:11:08, time: 0.020, data_time: 0.012, memory: 1146, loss: 2.7596
2021-03-28 22:49:40,123 - INFO - Epoch [6][300/6546]	lr: 0.00100, eta: 0:11:06, time: 0.020, data_time: 0.012, memory: 1146, loss: 2.7401
2021-03-28 22:49:42,242 - INFO - Epoch [6][400/6546]	lr: 0.00100, eta: 0:11:04, time: 0.021, data_time: 0.013, memory: 1146, loss: 2.7417
2021-03-28 22:49:44,344 - INFO - Epoch [6][500/6546]	lr: 0.00100, eta: 0:11:02, time: 0.021, data_time: 0.013, memory: 1146, loss: 2.7554
2021-03-28 22:49:46,491 - INFO - Epoch [6][600/6546]	lr: 0.00100, eta: 0:11:00, time: 0.021, data_time: 0.014, memory: 1146, loss: 2.7742
2021-03-28 22:49:48,585 - INFO - Epoch [6][700/6546]	lr: 0.00100, eta: 0:10:58, time: 0.021, data_time: 0.013, memory: 1146, loss: 2.7282
2021-03-28 22:49:50,720 - INFO - Epoch [6][800/6546]	lr: 0.00100, eta: 0:10:56, time: 0.021, data_time: 0.013, memory: 1146, loss: 2.7486
2021-03-28 22:49:52,792 - INFO - Epoch [6][900/6546]	lr: 0.00100, eta: 0:10:54, time: 0.021, data_time: 0.013, memory: 1146, loss: 2.7258
2021-03-28 22:49:54,831 - INFO - Epoch [6][1000/6546]	lr: 0.00100, eta: 0:10:52, time: 0.020, data_time: 0.013, memory: 1146, loss: 2.7417
2021-03-28 22:49:56,960 - INFO - Epoch [6][1100/6546]	lr: 0.00100, eta: 0:10:50, time: 0.021, data_time: 0.014, memory: 1146, loss: 2.7423
2021-03-28 22:49:59,072 - INFO - Epoch [6][1200/6546]	lr: 0.00100, eta: 0:10:48, time: 0.021, data_time: 0.013, memory: 1146, loss: 2.7386
2021-03-28 22:50:01,110 - INFO - Epoch [6][1300/6546]	lr: 0.00100, eta: 0:10:46, time: 0.020, data_time: 0.013, memory: 1146, loss: 2.7212
2021-03-28 22:50:02,990 - INFO - Epoch [6][1400/6546]	lr: 0.00100, eta: 0:10:43, time: 0.019, data_time: 0.011, memory: 1146, loss: 2.7324
2021-03-28 22:50:05,048 - INFO - Epoch [6][1500/6546]	lr: 0.00100, eta: 0:10:41, time: 0.021, data_time: 0.013, memory: 1146, loss: 2.7219
2021-03-28 22:50:07,105 - INFO - Epoch [6][1600/6546]	lr: 0.00100, eta: 0:10:39, time: 0.021, data_time: 0.013, memory: 1146, loss: 2.7291
2021-03-28 22:50:09,171 - INFO - Epoch [6][1700/6546]	lr: 0.00100, eta: 0:10:37, time: 0.021, data_time: 0.013, memory: 1146, loss: 2.7360
2021-03-28 22:50:11,314 - INFO - Epoch [6][1800/6546]	lr: 0.00100, eta: 0:10:35, time: 0.021, data_time: 0.014, memory: 1146, loss: 2.7511
2021-03-28 22:50:13,445 - INFO - Epoch [6][1900/6546]	lr: 0.00100, eta: 0:10:33, time: 0.021, data_time: 0.014, memory: 1146, loss: 2.7402
2021-03-28 22:50:15,566 - INFO - Epoch [6][2000/6546]	lr: 0.00100, eta: 0:10:31, time: 0.021, data_time: 0.014, memory: 1146, loss: 2.7690
2021-03-28 22:50:17,520 - INFO - Epoch [6][2100/6546]	lr: 0.00100, eta: 0:10:29, time: 0.020, data_time: 0.012, memory: 1146, loss: 2.7447
2021-03-28 22:50:19,543 - INFO - Epoch [6][2200/6546]	lr: 0.00100, eta: 0:10:27, time: 0.020, data_time: 0.012, memory: 1146, loss: 2.7453
2021-03-28 22:50:21,679 - INFO - Epoch [6][2300/6546]	lr: 0.00100, eta: 0:10:25, time: 0.021, data_time: 0.014, memory: 1146, loss: 2.7438
2021-03-28 22:50:23,578 - INFO - Epoch [6][2400/6546]	lr: 0.00100, eta: 0:10:23, time: 0.019, data_time: 0.011, memory: 1146, loss: 2.7515
2021-03-28 22:50:25,979 - INFO - Epoch [6][2500/6546]	lr: 0.00100, eta: 0:10:21, time: 0.024, data_time: 0.016, memory: 1146, loss: 2.7646
2021-03-28 22:50:27,949 - INFO - Epoch [6][2600/6546]	lr: 0.00100, eta: 0:10:19, time: 0.020, data_time: 0.012, memory: 1146, loss: 2.7332
2021-03-28 22:50:29,971 - INFO - Epoch [6][2700/6546]	lr: 0.00100, eta: 0:10:17, time: 0.020, data_time: 0.012, memory: 1146, loss: 2.7195
2021-03-28 22:50:32,214 - INFO - Epoch [6][2800/6546]	lr: 0.00100, eta: 0:10:15, time: 0.022, data_time: 0.014, memory: 1146, loss: 2.7478
2021-03-28 22:50:34,220 - INFO - Epoch [6][2900/6546]	lr: 0.00100, eta: 0:10:13, time: 0.020, data_time: 0.012, memory: 1146, loss: 2.7413
2021-03-28 22:50:36,279 - INFO - Epoch [6][3000/6546]	lr: 0.00100, eta: 0:10:11, time: 0.021, data_time: 0.013, memory: 1146, loss: 2.7760
2021-03-28 22:50:38,435 - INFO - Epoch [6][3100/6546]	lr: 0.00100, eta: 0:10:09, time: 0.022, data_time: 0.014, memory: 1146, loss: 2.7543
2021-03-28 22:50:40,387 - INFO - Epoch [6][3200/6546]	lr: 0.00100, eta: 0:10:07, time: 0.020, data_time: 0.012, memory: 1146, loss: 2.7138
2021-03-28 22:50:42,398 - INFO - Epoch [6][3300/6546]	lr: 0.00100, eta: 0:10:05, time: 0.020, data_time: 0.013, memory: 1146, loss: 2.7285
2021-03-28 22:50:44,528 - INFO - Epoch [6][3400/6546]	lr: 0.00100, eta: 0:10:03, time: 0.021, data_time: 0.014, memory: 1146, loss: 2.7301
2021-03-28 22:50:46,428 - INFO - Epoch [6][3500/6546]	lr: 0.00100, eta: 0:10:01, time: 0.019, data_time: 0.012, memory: 1146, loss: 2.7299
2021-03-28 22:50:48,426 - INFO - Epoch [6][3600/6546]	lr: 0.00100, eta: 0:09:58, time: 0.020, data_time: 0.012, memory: 1146, loss: 2.7282
2021-03-28 22:50:50,266 - INFO - Epoch [6][3700/6546]	lr: 0.00100, eta: 0:09:56, time: 0.018, data_time: 0.011, memory: 1146, loss: 2.7356
2021-03-28 22:50:52,317 - INFO - Epoch [6][3800/6546]	lr: 0.00100, eta: 0:09:54, time: 0.021, data_time: 0.013, memory: 1146, loss: 2.7349
2021-03-28 22:50:54,514 - INFO - Epoch [6][3900/6546]	lr: 0.00100, eta: 0:09:52, time: 0.022, data_time: 0.014, memory: 1146, loss: 2.7262
2021-03-28 22:50:56,431 - INFO - Epoch [6][4000/6546]	lr: 0.00100, eta: 0:09:50, time: 0.019, data_time: 0.011, memory: 1146, loss: 2.7277
2021-03-28 22:50:58,479 - INFO - Epoch [6][4100/6546]	lr: 0.00100, eta: 0:09:48, time: 0.020, data_time: 0.013, memory: 1146, loss: 2.7397
2021-03-28 22:51:00,551 - INFO - Epoch [6][4200/6546]	lr: 0.00100, eta: 0:09:46, time: 0.021, data_time: 0.013, memory: 1146, loss: 2.7382
2021-03-28 22:51:02,559 - INFO - Epoch [6][4300/6546]	lr: 0.00100, eta: 0:09:44, time: 0.020, data_time: 0.012, memory: 1146, loss: 2.7250
2021-03-28 22:51:04,497 - INFO - Epoch [6][4400/6546]	lr: 0.00100, eta: 0:09:42, time: 0.019, data_time: 0.012, memory: 1146, loss: 2.7484
2021-03-28 22:51:06,434 - INFO - Epoch [6][4500/6546]	lr: 0.00100, eta: 0:09:40, time: 0.019, data_time: 0.012, memory: 1146, loss: 2.6991
2021-03-28 22:51:08,524 - INFO - Epoch [6][4600/6546]	lr: 0.00100, eta: 0:09:38, time: 0.021, data_time: 0.013, memory: 1146, loss: 2.7413
2021-03-28 22:51:10,477 - INFO - Epoch [6][4700/6546]	lr: 0.00100, eta: 0:09:35, time: 0.020, data_time: 0.012, memory: 1146, loss: 2.7540
2021-03-28 22:51:12,349 - INFO - Epoch [6][4800/6546]	lr: 0.00100, eta: 0:09:33, time: 0.019, data_time: 0.011, memory: 1146, loss: 2.7614
2021-03-28 22:51:14,095 - INFO - Epoch [6][4900/6546]	lr: 0.00100, eta: 0:09:31, time: 0.017, data_time: 0.010, memory: 1146, loss: 2.7471
2021-03-28 22:51:15,977 - INFO - Epoch [6][5000/6546]	lr: 0.00100, eta: 0:09:29, time: 0.019, data_time: 0.011, memory: 1146, loss: 2.7606
2021-03-28 22:51:17,968 - INFO - Epoch [6][5100/6546]	lr: 0.00100, eta: 0:09:27, time: 0.020, data_time: 0.012, memory: 1146, loss: 2.7356
2021-03-28 22:51:20,071 - INFO - Epoch [6][5200/6546]	lr: 0.00100, eta: 0:09:25, time: 0.021, data_time: 0.013, memory: 1146, loss: 2.7382
2021-03-28 22:51:22,112 - INFO - Epoch [6][5300/6546]	lr: 0.00100, eta: 0:09:23, time: 0.020, data_time: 0.013, memory: 1146, loss: 2.7379
2021-03-28 22:51:24,156 - INFO - Epoch [6][5400/6546]	lr: 0.00100, eta: 0:09:21, time: 0.020, data_time: 0.013, memory: 1146, loss: 2.7294
2021-03-28 22:51:26,312 - INFO - Epoch [6][5500/6546]	lr: 0.00100, eta: 0:09:19, time: 0.022, data_time: 0.014, memory: 1146, loss: 2.7263
2021-03-28 22:51:28,075 - INFO - Epoch [6][5600/6546]	lr: 0.00100, eta: 0:09:16, time: 0.018, data_time: 0.010, memory: 1146, loss: 2.7260
2021-03-28 22:51:30,054 - INFO - Epoch [6][5700/6546]	lr: 0.00100, eta: 0:09:14, time: 0.020, data_time: 0.012, memory: 1146, loss: 2.7566
2021-03-28 22:51:32,221 - INFO - Epoch [6][5800/6546]	lr: 0.00100, eta: 0:09:12, time: 0.022, data_time: 0.014, memory: 1146, loss: 2.7392
2021-03-28 22:51:34,389 - INFO - Epoch [6][5900/6546]	lr: 0.00100, eta: 0:09:10, time: 0.022, data_time: 0.014, memory: 1146, loss: 2.7303
2021-03-28 22:51:36,489 - INFO - Epoch [6][6000/6546]	lr: 0.00100, eta: 0:09:08, time: 0.021, data_time: 0.013, memory: 1146, loss: 2.7528
2021-03-28 22:51:38,567 - INFO - Epoch [6][6100/6546]	lr: 0.00100, eta: 0:09:06, time: 0.021, data_time: 0.013, memory: 1146, loss: 2.7327
2021-03-28 22:51:40,650 - INFO - Epoch [6][6200/6546]	lr: 0.00100, eta: 0:09:04, time: 0.021, data_time: 0.013, memory: 1146, loss: 2.7295
2021-03-28 22:51:42,615 - INFO - Epoch [6][6300/6546]	lr: 0.00100, eta: 0:09:02, time: 0.020, data_time: 0.012, memory: 1146, loss: 2.7496
2021-03-28 22:51:44,721 - INFO - Epoch [6][6400/6546]	lr: 0.00100, eta: 0:09:00, time: 0.021, data_time: 0.013, memory: 1146, loss: 2.7226
2021-03-28 22:51:46,910 - INFO - Epoch [6][6500/6546]	lr: 0.00100, eta: 0:08:58, time: 0.022, data_time: 0.014, memory: 1146, loss: 2.7479
2021-03-28 22:51:50,473 - INFO - Epoch [7][100/6546]	lr: 0.00100, eta: 0:08:55, time: 0.026, data_time: 0.018, memory: 1146, loss: 2.7340
2021-03-28 22:51:52,347 - INFO - Epoch [7][200/6546]	lr: 0.00100, eta: 0:08:53, time: 0.019, data_time: 0.011, memory: 1146, loss: 2.7521
2021-03-28 22:51:54,413 - INFO - Epoch [7][300/6546]	lr: 0.00100, eta: 0:08:51, time: 0.021, data_time: 0.013, memory: 1146, loss: 2.7073
2021-03-28 22:51:56,738 - INFO - Epoch [7][400/6546]	lr: 0.00100, eta: 0:08:49, time: 0.023, data_time: 0.016, memory: 1146, loss: 2.7436
2021-03-28 22:51:58,857 - INFO - Epoch [7][500/6546]	lr: 0.00100, eta: 0:08:47, time: 0.021, data_time: 0.013, memory: 1146, loss: 2.7371
2021-03-28 22:52:00,728 - INFO - Epoch [7][600/6546]	lr: 0.00100, eta: 0:08:44, time: 0.019, data_time: 0.011, memory: 1146, loss: 2.7670
2021-03-28 22:52:02,605 - INFO - Epoch [7][700/6546]	lr: 0.00100, eta: 0:08:42, time: 0.019, data_time: 0.011, memory: 1146, loss: 2.7375
2021-03-28 22:52:04,901 - INFO - Epoch [7][800/6546]	lr: 0.00100, eta: 0:08:40, time: 0.023, data_time: 0.015, memory: 1146, loss: 2.7220
2021-03-28 22:52:06,783 - INFO - Epoch [7][900/6546]	lr: 0.00100, eta: 0:08:38, time: 0.019, data_time: 0.011, memory: 1146, loss: 2.7222
2021-03-28 22:52:09,042 - INFO - Epoch [7][1000/6546]	lr: 0.00100, eta: 0:08:36, time: 0.023, data_time: 0.015, memory: 1146, loss: 2.7637
2021-03-28 22:52:11,112 - INFO - Epoch [7][1100/6546]	lr: 0.00100, eta: 0:08:34, time: 0.021, data_time: 0.013, memory: 1146, loss: 2.7152
2021-03-28 22:52:13,203 - INFO - Epoch [7][1200/6546]	lr: 0.00100, eta: 0:08:32, time: 0.021, data_time: 0.013, memory: 1146, loss: 2.7342
2021-03-28 22:52:15,159 - INFO - Epoch [7][1300/6546]	lr: 0.00100, eta: 0:08:30, time: 0.020, data_time: 0.012, memory: 1146, loss: 2.7510
2021-03-28 22:52:17,390 - INFO - Epoch [7][1400/6546]	lr: 0.00100, eta: 0:08:28, time: 0.022, data_time: 0.014, memory: 1146, loss: 2.7260
2021-03-28 22:52:19,505 - INFO - Epoch [7][1500/6546]	lr: 0.00100, eta: 0:08:26, time: 0.021, data_time: 0.014, memory: 1146, loss: 2.7211
2021-03-28 22:52:21,582 - INFO - Epoch [7][1600/6546]	lr: 0.00100, eta: 0:08:24, time: 0.021, data_time: 0.013, memory: 1146, loss: 2.7537
2021-03-28 22:52:23,689 - INFO - Epoch [7][1700/6546]	lr: 0.00100, eta: 0:08:22, time: 0.021, data_time: 0.014, memory: 1146, loss: 2.7401
2021-03-28 22:52:25,758 - INFO - Epoch [7][1800/6546]	lr: 0.00100, eta: 0:08:20, time: 0.021, data_time: 0.013, memory: 1146, loss: 2.7539
2021-03-28 22:52:27,951 - INFO - Epoch [7][1900/6546]	lr: 0.00100, eta: 0:08:18, time: 0.022, data_time: 0.014, memory: 1146, loss: 2.7207
2021-03-28 22:52:29,953 - INFO - Epoch [7][2000/6546]	lr: 0.00100, eta: 0:08:16, time: 0.020, data_time: 0.013, memory: 1146, loss: 2.7551
2021-03-28 22:52:31,854 - INFO - Epoch [7][2100/6546]	lr: 0.00100, eta: 0:08:14, time: 0.019, data_time: 0.011, memory: 1146, loss: 2.7408
2021-03-28 22:52:33,897 - INFO - Epoch [7][2200/6546]	lr: 0.00100, eta: 0:08:12, time: 0.020, data_time: 0.013, memory: 1146, loss: 2.7415
2021-03-28 22:52:36,016 - INFO - Epoch [7][2300/6546]	lr: 0.00100, eta: 0:08:10, time: 0.021, data_time: 0.013, memory: 1146, loss: 2.7208
2021-03-28 22:52:38,048 - INFO - Epoch [7][2400/6546]	lr: 0.00100, eta: 0:08:08, time: 0.020, data_time: 0.012, memory: 1146, loss: 2.7021
2021-03-28 22:52:39,996 - INFO - Epoch [7][2500/6546]	lr: 0.00100, eta: 0:08:06, time: 0.019, data_time: 0.012, memory: 1146, loss: 2.7431
2021-03-28 22:52:41,957 - INFO - Epoch [7][2600/6546]	lr: 0.00100, eta: 0:08:04, time: 0.020, data_time: 0.012, memory: 1146, loss: 2.7490
2021-03-28 22:52:43,981 - INFO - Epoch [7][2700/6546]	lr: 0.00100, eta: 0:08:01, time: 0.020, data_time: 0.013, memory: 1146, loss: 2.7609
2021-03-28 22:52:45,958 - INFO - Epoch [7][2800/6546]	lr: 0.00100, eta: 0:07:59, time: 0.020, data_time: 0.012, memory: 1146, loss: 2.7404
2021-03-28 22:52:47,923 - INFO - Epoch [7][2900/6546]	lr: 0.00100, eta: 0:07:57, time: 0.020, data_time: 0.012, memory: 1146, loss: 2.7407
2021-03-28 22:52:49,886 - INFO - Epoch [7][3000/6546]	lr: 0.00100, eta: 0:07:55, time: 0.020, data_time: 0.012, memory: 1146, loss: 2.7392
2021-03-28 22:52:51,960 - INFO - Epoch [7][3100/6546]	lr: 0.00100, eta: 0:07:53, time: 0.021, data_time: 0.013, memory: 1146, loss: 2.7280
2021-03-28 22:52:54,053 - INFO - Epoch [7][3200/6546]	lr: 0.00100, eta: 0:07:51, time: 0.021, data_time: 0.013, memory: 1146, loss: 2.7082
2021-03-28 22:52:56,157 - INFO - Epoch [7][3300/6546]	lr: 0.00100, eta: 0:07:49, time: 0.021, data_time: 0.013, memory: 1146, loss: 2.7392
2021-03-28 22:52:58,330 - INFO - Epoch [7][3400/6546]	lr: 0.00100, eta: 0:07:47, time: 0.022, data_time: 0.014, memory: 1146, loss: 2.7455
2021-03-28 22:53:00,276 - INFO - Epoch [7][3500/6546]	lr: 0.00100, eta: 0:07:45, time: 0.019, data_time: 0.012, memory: 1146, loss: 2.7344
2021-03-28 22:53:02,302 - INFO - Epoch [7][3600/6546]	lr: 0.00100, eta: 0:07:43, time: 0.020, data_time: 0.013, memory: 1146, loss: 2.7457
2021-03-28 22:53:04,604 - INFO - Epoch [7][3700/6546]	lr: 0.00100, eta: 0:07:41, time: 0.023, data_time: 0.015, memory: 1146, loss: 2.7426
2021-03-28 22:53:06,857 - INFO - Epoch [7][3800/6546]	lr: 0.00100, eta: 0:07:39, time: 0.023, data_time: 0.015, memory: 1146, loss: 2.7326
2021-03-28 22:53:09,007 - INFO - Epoch [7][3900/6546]	lr: 0.00100, eta: 0:07:37, time: 0.022, data_time: 0.014, memory: 1146, loss: 2.7391
2021-03-28 22:53:11,200 - INFO - Epoch [7][4000/6546]	lr: 0.00100, eta: 0:07:35, time: 0.022, data_time: 0.014, memory: 1146, loss: 2.7183
2021-03-28 22:53:12,921 - INFO - Epoch [7][4100/6546]	lr: 0.00100, eta: 0:07:33, time: 0.017, data_time: 0.010, memory: 1146, loss: 2.7627
2021-03-28 22:53:15,030 - INFO - Epoch [7][4200/6546]	lr: 0.00100, eta: 0:07:31, time: 0.021, data_time: 0.013, memory: 1146, loss: 2.7403
2021-03-28 22:53:17,161 - INFO - Epoch [7][4300/6546]	lr: 0.00100, eta: 0:07:29, time: 0.021, data_time: 0.014, memory: 1146, loss: 2.7330
2021-03-28 22:53:19,158 - INFO - Epoch [7][4400/6546]	lr: 0.00100, eta: 0:07:27, time: 0.020, data_time: 0.012, memory: 1146, loss: 2.7691
2021-03-28 22:53:21,180 - INFO - Epoch [7][4500/6546]	lr: 0.00100, eta: 0:07:25, time: 0.020, data_time: 0.013, memory: 1146, loss: 2.7359
2021-03-28 22:53:23,313 - INFO - Epoch [7][4600/6546]	lr: 0.00100, eta: 0:07:23, time: 0.021, data_time: 0.014, memory: 1146, loss: 2.7797
2021-03-28 22:53:25,554 - INFO - Epoch [7][4700/6546]	lr: 0.00100, eta: 0:07:21, time: 0.022, data_time: 0.015, memory: 1146, loss: 2.7231
2021-03-28 22:53:27,693 - INFO - Epoch [7][4800/6546]	lr: 0.00100, eta: 0:07:19, time: 0.021, data_time: 0.014, memory: 1146, loss: 2.7397
2021-03-28 22:53:29,635 - INFO - Epoch [7][4900/6546]	lr: 0.00100, eta: 0:07:17, time: 0.019, data_time: 0.012, memory: 1146, loss: 2.7268
2021-03-28 22:53:31,710 - INFO - Epoch [7][5000/6546]	lr: 0.00100, eta: 0:07:15, time: 0.021, data_time: 0.013, memory: 1146, loss: 2.7518
